<?xml version="1.0" encoding="UTF-8"?>
<coverage generated="1784934676356" clover="3.2.0">
  <project timestamp="1784934676356" name="All files">
    <metrics statements="595" coveredstatements="472" conditionals="399" coveredconditionals="258" methods="123" coveredmethods="79" elements="1117" coveredelements="809" complexity="0" loc="595" ncloc="595" packages="1" files="12" classes="12"/>
    <file name="ToastAnimation.ts" path="C:\Users\youbo\IdeaProjects\brents-toasts\src\ToastAnimation.ts">
      <metrics statements="2" coveredstatements="2" conditionals="0" coveredconditionals="0" methods="0" coveredmethods="0"/>
      <line num="6" count="1" type="stmt"/>
      <line num="14" count="1" type="stmt"/>
    </file>
    <file name="ToastBuilder.ts" path="C:\Users\youbo\IdeaProjects\brents-toasts\src\ToastBuilder.ts">
      <metrics statements="39" coveredstatements="7" conditionals="14" coveredconditionals="1" methods="26" coveredmethods="5"/>
      <line num="19" count="1" type="stmt"/>
      <line num="20" count="1" type="stmt"/>
      <line num="21" count="1" type="stmt"/>
      <line num="24" count="1" type="stmt"/>
      <line num="25" count="1" type="stmt"/>
      <line num="26" count="0" type="stmt"/>
      <line num="27" count="0" type="stmt"/>
      <line num="28" count="0" type="stmt"/>
      <line num="29" count="0" type="stmt"/>
      <line num="30" count="1" type="stmt"/>
      <line num="31" count="0" type="stmt"/>
      <line num="32" count="0" type="stmt"/>
      <line num="34" count="0" type="stmt"/>
      <line num="35" count="0" type="stmt"/>
      <line num="36" count="0" type="stmt"/>
      <line num="37" count="0" type="stmt"/>
      <line num="39" count="0" type="stmt"/>
      <line num="42" count="0" type="cond" truecount="0" falsecount="1"/>
      <line num="44" count="0" type="stmt"/>
      <line num="46" count="0" type="stmt"/>
      <line num="47" count="0" type="stmt"/>
      <line num="49" count="0" type="stmt"/>
      <line num="52" count="0" type="cond" truecount="0" falsecount="2"/>
      <line num="53" count="0" type="stmt"/>
      <line num="54" count="0" type="stmt"/>
      <line num="58" count="0" type="stmt"/>
      <line num="59" count="0" type="cond" truecount="0" falsecount="2"/>
      <line num="60" count="0" type="cond" truecount="0" falsecount="2"/>
      <line num="61" count="0" type="stmt"/>
      <line num="65" count="0" type="cond" truecount="0" falsecount="2"/>
      <line num="66" count="0" type="stmt"/>
      <line num="67" count="0" type="stmt"/>
      <line num="81" count="0" type="cond" truecount="0" falsecount="2"/>
      <line num="82" count="0" type="stmt"/>
      <line num="83" count="0" type="stmt"/>
      <line num="87" count="0" type="cond" truecount="0" falsecount="2"/>
      <line num="88" count="0" type="stmt"/>
      <line num="89" count="0" type="stmt"/>
      <line num="94" count="1" type="stmt"/>
    </file>
    <file name="ToastButton.ts" path="C:\Users\youbo\IdeaProjects\brents-toasts\src\ToastButton.ts">
      <metrics statements="61" coveredstatements="15" conditionals="35" coveredconditionals="5" methods="13" coveredmethods="4"/>
      <line num="37" count="12" type="stmt"/>
      <line num="38" count="12" type="cond" truecount="2" falsecount="0"/>
      <line num="46" count="1" type="stmt"/>
      <line num="53" count="16" type="stmt"/>
      <line num="54" count="16" type="stmt"/>
      <line num="55" count="16" type="cond" truecount="1" falsecount="1"/>
      <line num="59" count="16" type="stmt"/>
      <line num="60" count="16" type="stmt"/>
      <line num="61" count="16" type="stmt"/>
      <line num="62" count="1" type="stmt"/>
      <line num="63" count="1" type="stmt"/>
      <line num="65" count="16" type="stmt"/>
      <line num="66" count="0" type="cond" truecount="0" falsecount="5"/>
      <line num="67" count="0" type="stmt"/>
      <line num="69" count="16" type="stmt"/>
      <line num="74" count="12" type="stmt"/>
      <line num="87" count="1" type="stmt"/>
      <line num="90" count="0" type="cond" truecount="0" falsecount="2"/>
      <line num="91" count="0" type="stmt"/>
      <line num="92" count="0" type="cond" truecount="0" falsecount="2"/>
      <line num="94" count="0" type="stmt"/>
      <line num="95" count="0" type="cond" truecount="0" falsecount="2"/>
      <line num="96" count="0" type="stmt"/>
      <line num="97" count="0" type="cond" truecount="0" falsecount="2"/>
      <line num="99" count="0" type="stmt"/>
      <line num="100" count="0" type="cond" truecount="0" falsecount="2"/>
      <line num="101" count="0" type="cond" truecount="0" falsecount="2"/>
      <line num="103" count="0" type="stmt"/>
      <line num="116" count="0" type="stmt"/>
      <line num="117" count="0" type="cond" truecount="0" falsecount="2"/>
      <line num="118" count="0" type="stmt"/>
      <line num="119" count="0" type="stmt"/>
      <line num="122" count="0" type="stmt"/>
      <line num="126" count="0" type="stmt"/>
      <line num="127" count="0" type="stmt"/>
      <line num="128" count="0" type="cond" truecount="0" falsecount="2"/>
      <line num="129" count="0" type="cond" truecount="0" falsecount="2"/>
      <line num="130" count="0" type="stmt"/>
      <line num="132" count="0" type="stmt"/>
      <line num="133" count="0" type="cond" truecount="0" falsecount="2"/>
      <line num="134" count="0" type="stmt"/>
      <line num="135" count="0" type="stmt"/>
      <line num="137" count="0" type="stmt"/>
      <line num="140" count="0" type="cond" truecount="0" falsecount="2"/>
      <line num="141" count="0" type="stmt"/>
      <line num="142" count="0" type="stmt"/>
      <line num="146" count="0" type="stmt"/>
      <line num="147" count="0" type="stmt"/>
      <line num="149" count="0" type="stmt"/>
      <line num="150" count="0" type="stmt"/>
      <line num="151" count="0" type="stmt"/>
      <line num="154" count="0" type="cond" truecount="0" falsecount="2"/>
      <line num="155" count="0" type="stmt"/>
      <line num="156" count="0" type="stmt"/>
      <line num="158" count="0" type="stmt"/>
      <line num="159" count="0" type="stmt"/>
      <line num="162" count="0" type="stmt"/>
      <line num="163" count="0" type="stmt"/>
      <line num="164" count="0" type="stmt"/>
      <line num="166" count="0" type="stmt"/>
      <line num="169" count="0" type="stmt"/>
    </file>
    <file name="ToastColor.ts" path="C:\Users\youbo\IdeaProjects\brents-toasts\src\ToastColor.ts">
      <metrics statements="1" coveredstatements="1" conditionals="0" coveredconditionals="0" methods="0" coveredmethods="0"/>
      <line num="1" count="1" type="stmt"/>
    </file>
    <file name="ToastLocale.ts" path="C:\Users\youbo\IdeaProjects\brents-toasts\src\ToastLocale.ts">
      <metrics statements="9" coveredstatements="8" conditionals="14" coveredconditionals="10" methods="2" coveredmethods="2"/>
      <line num="17" count="1" type="stmt"/>
      <line num="65" count="56" type="stmt"/>
      <line num="66" count="56" type="cond" truecount="2" falsecount="0"/>
      <line num="67" count="55" type="stmt"/>
      <line num="68" count="55" type="cond" truecount="4" falsecount="0"/>
      <line num="69" count="2" type="stmt"/>
      <line num="79" count="53" type="cond" truecount="1" falsecount="1"/>
      <line num="80" count="53" type="cond" truecount="3" falsecount="1"/>
      <line num="81" count="0" type="cond" truecount="0" falsecount="2"/>
    </file>
    <file name="ToastPosition.ts" path="C:\Users\youbo\IdeaProjects\brents-toasts\src\ToastPosition.ts">
      <metrics statements="3" coveredstatements="3" conditionals="0" coveredconditionals="0" methods="0" coveredmethods="0"/>
      <line num="10" count="1" type="stmt"/>
      <line num="21" count="1" type="stmt"/>
      <line num="37" count="1" type="stmt"/>
    </file>
    <file name="ToastRender.ts" path="C:\Users\youbo\IdeaProjects\brents-toasts\src\ToastRender.ts">
      <metrics statements="93" coveredstatements="86" conditionals="68" coveredconditionals="59" methods="9" coveredmethods="8"/>
      <line num="27" count="46" type="stmt"/>
      <line num="28" count="46" type="cond" truecount="2" falsecount="0"/>
      <line num="29" count="46" type="cond" truecount="2" falsecount="0"/>
      <line num="30" count="46" type="cond" truecount="2" falsecount="0"/>
      <line num="31" count="46" type="stmt"/>
      <line num="35" count="46" type="cond" truecount="2" falsecount="0"/>
      <line num="42" count="48" type="stmt"/>
      <line num="43" count="48" type="cond" truecount="2" falsecount="0"/>
      <line num="44" count="5" type="cond" truecount="2" falsecount="0"/>
      <line num="45" count="4" type="stmt"/>
      <line num="46" count="4" type="stmt"/>
      <line num="47" count="4" type="stmt"/>
      <line num="49" count="5" type="stmt"/>
      <line num="54" count="5" type="stmt"/>
      <line num="55" count="43" type="cond" truecount="1" falsecount="1"/>
      <line num="56" count="0" type="stmt"/>
      <line num="59" count="48" type="stmt"/>
      <line num="60" count="48" type="cond" truecount="2" falsecount="0"/>
      <line num="61" count="46" type="stmt"/>
      <line num="62" count="46" type="stmt"/>
      <line num="63" count="46" type="stmt"/>
      <line num="65" count="48" type="stmt"/>
      <line num="66" count="48" type="cond" truecount="2" falsecount="0"/>
      <line num="67" count="1" type="stmt"/>
      <line num="68" count="47" type="cond" truecount="2" falsecount="0"/>
      <line num="69" count="2" type="stmt"/>
      <line num="71" count="45" type="stmt"/>
      <line num="87" count="46" type="stmt"/>
      <line num="88" count="46" type="cond" truecount="2" falsecount="0"/>
      <line num="90" count="2" type="cond" truecount="1" falsecount="1"/>
      <line num="91" count="46" type="stmt"/>
      <line num="100" count="46" type="stmt"/>
      <line num="101" count="46" type="stmt"/>
      <line num="102" count="46" type="stmt"/>
      <line num="103" count="46" type="stmt"/>
      <line num="104" count="46" type="stmt"/>
      <line num="105" count="46" type="stmt"/>
      <line num="107" count="46" type="stmt"/>
      <line num="108" count="46" type="stmt"/>
      <line num="109" count="46" type="stmt"/>
      <line num="110" count="46" type="stmt"/>
      <line num="111" count="46" type="stmt"/>
      <line num="112" count="46" type="cond" truecount="1" falsecount="1"/>
      <line num="114" count="46" type="stmt"/>
      <line num="115" count="46" type="stmt"/>
      <line num="116" count="46" type="stmt"/>
      <line num="143" count="52" type="stmt"/>
      <line num="144" count="52" type="stmt"/>
      <line num="147" count="52" type="stmt"/>
      <line num="148" count="16" type="cond" truecount="2" falsecount="0"/>
      <line num="149" count="11" type="stmt"/>
      <line num="150" count="11" type="stmt"/>
      <line num="152" count="16" type="stmt"/>
      <line num="155" count="52" type="cond" truecount="4" falsecount="0"/>
      <line num="156" count="7" type="stmt"/>
      <line num="157" count="12" type="stmt"/>
      <line num="162" count="52" type="cond" truecount="4" falsecount="0"/>
      <line num="163" count="4" type="stmt"/>
      <line num="164" count="4" type="stmt"/>
      <line num="165" count="4" type="stmt"/>
      <line num="167" count="4" type="stmt"/>
      <line num="168" count="5" type="cond" truecount="1" falsecount="1"/>
      <line num="169" count="5" type="stmt"/>
      <line num="170" count="5" type="stmt"/>
      <line num="172" count="5" type="stmt"/>
      <line num="173" count="5" type="stmt"/>
      <line num="174" count="5" type="cond" truecount="1" falsecount="1"/>
      <line num="175" count="0" type="stmt"/>
      <line num="176" count="0" type="stmt"/>
      <line num="177" count="0" type="stmt"/>
      <line num="178" count="0" type="stmt"/>
      <line num="180" count="5" type="stmt"/>
      <line num="181" count="5" type="stmt"/>
      <line num="182" count="5" type="stmt"/>
      <line num="183" count="5" type="stmt"/>
      <line num="184" count="5" type="stmt"/>
      <line num="186" count="5" type="cond" truecount="2" falsecount="2"/>
      <line num="187" count="0" type="stmt"/>
      <line num="188" count="0" type="stmt"/>
      <line num="192" count="5" type="stmt"/>
      <line num="195" count="4" type="cond" truecount="2" falsecount="0"/>
      <line num="196" count="4" type="cond" truecount="2" falsecount="0"/>
      <line num="198" count="4" type="stmt"/>
      <line num="199" count="1" type="stmt"/>
      <line num="200" count="1" type="stmt"/>
      <line num="201" count="1" type="cond" truecount="1" falsecount="1"/>
      <line num="202" count="1" type="stmt"/>
      <line num="203" count="1" type="cond" truecount="1" falsecount="1"/>
      <line num="205" count="4" type="stmt"/>
      <line num="206" count="4" type="stmt"/>
      <line num="207" count="4" type="stmt"/>
      <line num="210" count="52" type="cond" truecount="2" falsecount="0"/>
      <line num="211" count="52" type="cond" truecount="2" falsecount="0"/>
    </file>
    <file name="ToastStacking.ts" path="C:\Users\youbo\IdeaProjects\brents-toasts\src\ToastStacking.ts">
      <metrics statements="22" coveredstatements="22" conditionals="2" coveredconditionals="1" methods="10" coveredmethods="10"/>
      <line num="3" count="1" type="stmt"/>
      <line num="6" count="1" type="stmt"/>
      <line num="13" count="57" type="cond" truecount="1" falsecount="1"/>
      <line num="23" count="12" type="stmt"/>
      <line num="24" count="12" type="stmt"/>
      <line num="25" count="12" type="stmt"/>
      <line num="26" count="12" type="stmt"/>
      <line num="29" count="1" type="stmt"/>
      <line num="30" count="1" type="stmt"/>
      <line num="31" count="1" type="stmt"/>
      <line num="39" count="45" type="stmt"/>
      <line num="40" count="45" type="stmt"/>
      <line num="41" count="45" type="stmt"/>
      <line num="42" count="53" type="stmt"/>
      <line num="45" count="8" type="stmt"/>
      <line num="46" count="8" type="stmt"/>
      <line num="47" count="8" type="stmt"/>
      <line num="58" count="1" type="stmt"/>
      <line num="59" count="1" type="stmt"/>
      <line num="60" count="2" type="stmt"/>
      <line num="62" count="1" type="stmt"/>
      <line num="64" count="1" type="stmt"/>
    </file>
    <file name="ToastText.ts" path="C:\Users\youbo\IdeaProjects\brents-toasts\src\ToastText.ts">
      <metrics statements="7" coveredstatements="7" conditionals="9" coveredconditionals="7" methods="2" coveredmethods="2"/>
      <line num="15" count="72" type="cond" truecount="2" falsecount="0"/>
      <line num="16" count="1" type="cond" truecount="1" falsecount="1"/>
      <line num="17" count="1" type="stmt"/>
      <line num="19" count="71" type="stmt"/>
      <line num="20" count="71" type="stmt"/>
      <line num="21" count="73" type="cond" truecount="2" falsecount="0"/>
      <line num="22" count="73" type="cond" truecount="1" falsecount="1"/>
    </file>
    <file name="ToastTheme.ts" path="C:\Users\youbo\IdeaProjects\brents-toasts\src\ToastTheme.ts">
      <metrics statements="18" coveredstatements="18" conditionals="14" coveredconditionals="9" methods="4" coveredmethods="4"/>
      <line num="33" count="1" type="stmt"/>
      <line num="50" count="46" type="stmt"/>
      <line num="51" count="184" type="stmt"/>
      <line num="52" count="184" type="cond" truecount="2" falsecount="0"/>
      <line num="53" count="182" type="stmt"/>
      <line num="62" count="46" type="cond" truecount="1" falsecount="1"/>
      <line num="63" count="46" type="stmt"/>
      <line num="64" count="46" type="stmt"/>
      <line num="65" count="46" type="stmt"/>
      <line num="66" count="46" type="cond" truecount="1" falsecount="1"/>
      <line num="67" count="46" type="stmt"/>
      <line num="68" count="46" type="cond" truecount="1" falsecount="1"/>
      <line num="69" count="46" type="stmt"/>
      <line num="81" count="46" type="stmt"/>
      <line num="82" count="46" type="cond" truecount="1" falsecount="1"/>
      <line num="83" count="46" type="stmt"/>
      <line num="84" count="46" type="stmt"/>
      <line num="95" count="46" type="cond" truecount="1" falsecount="1"/>
    </file>
    <file name="Toasts.ts" path="C:\Users\youbo\IdeaProjects\brents-toasts\src\Toasts.ts">
      <metrics statements="340" coveredstatements="303" conditionals="243" coveredconditionals="166" methods="57" coveredmethods="44"/>
      <line num="23" count="1" type="stmt"/>
      <line num="24" count="1" type="stmt"/>
      <line num="163" count="1" type="stmt"/>
      <line num="227" count="44" type="stmt"/>
      <line num="228" count="44" type="stmt"/>
      <line num="229" count="44" type="stmt"/>
      <line num="230" count="44" type="stmt"/>
      <line num="231" count="44" type="stmt"/>
      <line num="232" count="44" type="stmt"/>
      <line num="233" count="44" type="stmt"/>
      <line num="234" count="44" type="stmt"/>
      <line num="235" count="44" type="stmt"/>
      <line num="236" count="44" type="stmt"/>
      <line num="237" count="44" type="stmt"/>
      <line num="238" count="44" type="stmt"/>
      <line num="239" count="44" type="stmt"/>
      <line num="240" count="44" type="stmt"/>
      <line num="248" count="6" type="stmt"/>
      <line num="259" count="0" type="stmt"/>
      <line num="264" count="46" type="cond" truecount="2" falsecount="0"/>
      <line num="265" count="39" type="stmt"/>
      <line num="266" count="39" type="stmt"/>
      <line num="301" count="46" type="stmt"/>
      <line num="302" count="46" type="stmt"/>
      <line num="303" count="46" type="stmt"/>
      <line num="305" count="46" type="cond" truecount="1" falsecount="1"/>
      <line num="306" count="0" type="stmt"/>
      <line num="309" count="46" type="stmt"/>
      <line num="310" count="46" type="stmt"/>
      <line num="311" count="46" type="stmt"/>
      <line num="312" count="46" type="stmt"/>
      <line num="314" count="46" type="stmt"/>
      <line num="315" count="46" type="cond" truecount="2" falsecount="0"/>
      <line num="316" count="46" type="cond" truecount="2" falsecount="0"/>
      <line num="318" count="46" type="stmt"/>
      <line num="319" count="9" type="stmt"/>
      <line num="321" count="46" type="cond" truecount="4" falsecount="0"/>
      <line num="326" count="1" type="stmt"/>
      <line num="327" count="1" type="stmt"/>
      <line num="328" count="2" type="cond" truecount="1" falsecount="1"/>
      <line num="329" count="2" type="cond" truecount="2" falsecount="0"/>
      <line num="330" count="1" type="stmt"/>
      <line num="331" count="1" type="stmt"/>
      <line num="334" count="1" type="cond" truecount="1" falsecount="1"/>
      <line num="337" count="46" type="stmt"/>
      <line num="339" count="46" type="stmt"/>
      <line num="340" count="46" type="stmt"/>
      <line num="341" count="46" type="stmt"/>
      <line num="342" count="46" type="stmt"/>
      <line num="343" count="46" type="stmt"/>
      <line num="344" count="46" type="stmt"/>
      <line num="345" count="46" type="cond" truecount="2" falsecount="0"/>
      <line num="346" count="46" type="cond" truecount="2" falsecount="0"/>
      <line num="347" count="46" type="stmt"/>
      <line num="349" count="46" type="stmt"/>
      <line num="350" count="46" type="stmt"/>
      <line num="356" count="46" type="stmt"/>
      <line num="357" count="46" type="cond" truecount="2" falsecount="0"/>
      <line num="359" count="46" type="stmt"/>
      <line num="360" count="46" type="stmt"/>
      <line num="361" count="46" type="stmt"/>
      <line num="362" count="46" type="stmt"/>
      <line num="363" count="46" type="stmt"/>
      <line num="364" count="46" type="stmt"/>
      <line num="366" count="46" type="stmt"/>
      <line num="367" count="46" type="stmt"/>
      <line num="368" count="46" type="stmt"/>
      <line num="370" count="46" type="stmt"/>
      <line num="371" count="46" type="stmt"/>
      <line num="372" count="46" type="stmt"/>
      <line num="373" count="46" type="stmt"/>
      <line num="374" count="46" type="stmt"/>
      <line num="375" count="46" type="stmt"/>
      <line num="376" count="46" type="stmt"/>
      <line num="383" count="46" type="cond" truecount="2" falsecount="0"/>
      <line num="384" count="1" type="stmt"/>
      <line num="387" count="1" type="stmt"/>
      <line num="389" count="45" type="stmt"/>
      <line num="390" count="45" type="stmt"/>
      <line num="391" count="45" type="stmt"/>
      <line num="397" count="46" type="stmt"/>
      <line num="398" count="46" type="stmt"/>
      <line num="399" count="46" type="stmt"/>
      <line num="402" count="46" type="stmt"/>
      <line num="403" count="45" type="stmt"/>
      <line num="404" count="45" type="stmt"/>
      <line num="411" count="46" type="cond" truecount="2" falsecount="0"/>
      <line num="412" count="46" type="stmt"/>
      <line num="413" count="3" type="cond" truecount="2" falsecount="0"/>
      <line num="415" count="46" type="stmt"/>
      <line num="416" count="0" type="cond" truecount="0" falsecount="5"/>
      <line num="417" count="0" type="cond" truecount="0" falsecount="2"/>
      <line num="418" count="0" type="stmt"/>
      <line num="419" count="0" type="stmt"/>
      <line num="421" count="46" type="cond" truecount="2" falsecount="0"/>
      <line num="422" count="7" type="stmt"/>
      <line num="427" count="46" type="stmt"/>
      <line num="428" count="0" type="cond" truecount="0" falsecount="2"/>
      <line num="430" count="46" type="stmt"/>
      <line num="431" count="0" type="cond" truecount="0" falsecount="2"/>
      <line num="434" count="46" type="stmt"/>
      <line num="438" count="12" type="stmt"/>
      <line num="439" count="12" type="cond" truecount="1" falsecount="1"/>
      <line num="440" count="12" type="cond" truecount="2" falsecount="0"/>
      <line num="441" count="11" type="stmt"/>
      <line num="443" count="11" type="stmt"/>
      <line num="444" count="11" type="stmt"/>
      <line num="445" count="11" type="cond" truecount="2" falsecount="0"/>
      <line num="447" count="11" type="stmt"/>
      <line num="448" count="11" type="cond" truecount="2" falsecount="0"/>
      <line num="449" count="11" type="stmt"/>
      <line num="450" count="11" type="stmt"/>
      <line num="451" count="11" type="stmt"/>
      <line num="453" count="11" type="stmt"/>
      <line num="454" count="11" type="stmt"/>
      <line num="457" count="11" type="cond" truecount="1" falsecount="1"/>
      <line num="459" count="11" type="stmt"/>
      <line num="460" count="1" type="stmt"/>
      <line num="461" count="1" type="stmt"/>
      <line num="462" count="1" type="stmt"/>
      <line num="463" count="1" type="cond" truecount="1" falsecount="1"/>
      <line num="483" count="11" type="stmt"/>
      <line num="484" count="11" type="cond" truecount="2" falsecount="0"/>
      <line num="485" count="10" type="stmt"/>
      <line num="486" count="10" type="cond" truecount="1" falsecount="1"/>
      <line num="488" count="10" type="stmt"/>
      <line num="489" count="10" type="stmt"/>
      <line num="490" count="10" type="stmt"/>
      <line num="491" count="10" type="stmt"/>
      <line num="492" count="10" type="cond" truecount="5" falsecount="1"/>
      <line num="494" count="10" type="stmt"/>
      <line num="495" count="10" type="stmt"/>
      <line num="497" count="10" type="cond" truecount="6" falsecount="0"/>
      <line num="498" count="2" type="stmt"/>
      <line num="500" count="10" type="cond" truecount="3" falsecount="1"/>
      <line num="501" count="10" type="cond" truecount="3" falsecount="1"/>
      <line num="505" count="0" type="stmt"/>
      <line num="506" count="0" type="stmt"/>
      <line num="508" count="10" type="cond" truecount="7" falsecount="0"/>
      <line num="509" count="6" type="stmt"/>
      <line num="511" count="10" type="cond" truecount="1" falsecount="1"/>
      <line num="512" count="10" type="cond" truecount="1" falsecount="1"/>
      <line num="513" count="0" type="cond" truecount="0" falsecount="2"/>
      <line num="514" count="0" type="stmt"/>
      <line num="516" count="10" type="cond" truecount="2" falsecount="0"/>
      <line num="517" count="1" type="stmt"/>
      <line num="518" count="1" type="cond" truecount="1" falsecount="1"/>
      <line num="519" count="0" type="stmt"/>
      <line num="521" count="10" type="cond" truecount="1" falsecount="1"/>
      <line num="522" count="0" type="cond" truecount="0" falsecount="2"/>
      <line num="523" count="0" type="stmt"/>
      <line num="524" count="0" type="cond" truecount="0" falsecount="2"/>
      <line num="525" count="0" type="stmt"/>
      <line num="527" count="0" type="stmt"/>
      <line num="538" count="2" type="stmt"/>
      <line num="539" count="2" type="cond" truecount="1" falsecount="1"/>
      <line num="540" count="2" type="cond" truecount="1" falsecount="1"/>
      <line num="541" count="2" type="cond" truecount="2" falsecount="0"/>
      <line num="542" count="2" type="stmt"/>
      <line num="547" count="1" type="stmt"/>
      <line num="548" count="1" type="cond" truecount="1" falsecount="1"/>
      <line num="549" count="1" type="stmt"/>
      <line num="550" count="1" type="stmt"/>
      <line num="551" count="1" type="stmt"/>
      <line num="557" count="1" type="stmt"/>
      <line num="558" count="1" type="cond" truecount="1" falsecount="1"/>
      <line num="559" count="1" type="cond" truecount="1" falsecount="1"/>
      <line num="560" count="1" type="cond" truecount="1" falsecount="1"/>
      <line num="561" count="1" type="stmt"/>
      <line num="566" count="1" type="stmt"/>
      <line num="567" count="1" type="cond" truecount="1" falsecount="1"/>
      <line num="568" count="1" type="stmt"/>
      <line num="569" count="1" type="stmt"/>
      <line num="570" count="1" type="stmt"/>
      <line num="581" count="3" type="stmt"/>
      <line num="582" count="3" type="cond" truecount="1" falsecount="1"/>
      <line num="583" count="3" type="stmt"/>
      <line num="584" count="3" type="cond" truecount="4" falsecount="0"/>
      <line num="585" count="2" type="cond" truecount="1" falsecount="1"/>
      <line num="586" count="2" type="stmt"/>
      <line num="587" count="2" type="stmt"/>
      <line num="588" count="2" type="stmt"/>
      <line num="589" count="2" type="stmt"/>
      <line num="599" count="2" type="stmt"/>
      <line num="600" count="2" type="cond" truecount="1" falsecount="1"/>
      <line num="601" count="2" type="stmt"/>
      <line num="602" count="2" type="cond" truecount="4" falsecount="0"/>
      <line num="603" count="1" type="stmt"/>
      <line num="604" count="1" type="stmt"/>
      <line num="605" count="1" type="stmt"/>
      <line num="617" count="3" type="stmt"/>
      <line num="618" count="3" type="cond" truecount="1" falsecount="1"/>
      <line num="619" count="3" type="stmt"/>
      <line num="620" count="3" type="cond" truecount="2" falsecount="0"/>
      <line num="621" count="1" type="cond" truecount="1" falsecount="1"/>
      <line num="622" count="1" type="stmt"/>
      <line num="623" count="1" type="cond" truecount="1" falsecount="1"/>
      <line num="624" count="1" type="cond" truecount="1" falsecount="1"/>
      <line num="625" count="1" type="stmt"/>
      <line num="626" count="1" type="stmt"/>
      <line num="628" count="1" type="stmt"/>
      <line num="637" count="2" type="stmt"/>
      <line num="638" count="2" type="cond" truecount="1" falsecount="1"/>
      <line num="639" count="2" type="stmt"/>
      <line num="640" count="2" type="cond" truecount="2" falsecount="0"/>
      <line num="641" count="1" type="stmt"/>
      <line num="642" count="1" type="cond" truecount="1" falsecount="1"/>
      <line num="643" count="1" type="cond" truecount="1" falsecount="1"/>
      <line num="644" count="1" type="stmt"/>
      <line num="645" count="1" type="stmt"/>
      <line num="647" count="1" type="stmt"/>
      <line num="656" count="2" type="stmt"/>
      <line num="657" count="2" type="cond" truecount="1" falsecount="1"/>
      <line num="658" count="2" type="stmt"/>
      <line num="659" count="2" type="cond" truecount="2" falsecount="0"/>
      <line num="660" count="1" type="cond" truecount="1" falsecount="1"/>
      <line num="661" count="1" type="stmt"/>
      <line num="662" count="1" type="stmt"/>
      <line num="673" count="4" type="stmt"/>
      <line num="674" count="4" type="cond" truecount="1" falsecount="1"/>
      <line num="675" count="4" type="stmt"/>
      <line num="676" count="4" type="cond" truecount="2" falsecount="0"/>
      <line num="677" count="1" type="stmt"/>
      <line num="678" count="1" type="cond" truecount="1" falsecount="1"/>
      <line num="679" count="4" type="stmt"/>
      <line num="691" count="4" type="stmt"/>
      <line num="692" count="4" type="cond" truecount="2" falsecount="0"/>
      <line num="693" count="3" type="stmt"/>
      <line num="702" count="1" type="stmt"/>
      <line num="703" count="1" type="cond" truecount="1" falsecount="1"/>
      <line num="704" count="1" type="stmt"/>
      <line num="715" count="4" type="stmt"/>
      <line num="718" count="0" type="stmt"/>
      <line num="734" count="0" type="stmt"/>
      <line num="735" count="0" type="stmt"/>
      <line num="739" count="0" type="stmt"/>
      <line num="740" count="0" type="cond" truecount="0" falsecount="2"/>
      <line num="769" count="0" type="stmt"/>
      <line num="776" count="0" type="cond" truecount="0" falsecount="2"/>
      <line num="778" count="0" type="stmt"/>
      <line num="785" count="0" type="stmt"/>
      <line num="790" count="0" type="stmt"/>
      <line num="791" count="0" type="stmt"/>
      <line num="809" count="0" type="stmt"/>
      <line num="817" count="1" type="stmt"/>
      <line num="818" count="2" type="stmt"/>
      <line num="823" count="5" type="stmt"/>
      <line num="824" count="5" type="cond" truecount="1" falsecount="1"/>
      <line num="831" count="46" type="cond" truecount="2" falsecount="0"/>
      <line num="832" count="44" type="stmt"/>
      <line num="844" count="70" type="stmt"/>
      <line num="845" count="70" type="cond" truecount="2" falsecount="0"/>
      <line num="847" count="4" type="stmt"/>
      <line num="848" count="4" type="stmt"/>
      <line num="849" count="70" type="cond" truecount="4" falsecount="0"/>
      <line num="851" count="2" type="stmt"/>
      <line num="852" count="2" type="cond" truecount="1" falsecount="1"/>
      <line num="853" count="0" type="stmt"/>
      <line num="854" count="0" type="stmt"/>
      <line num="856" count="2" type="stmt"/>
      <line num="858" count="2" type="stmt"/>
      <line num="862" count="2" type="cond" truecount="1" falsecount="1"/>
      <line num="863" count="70" type="cond" truecount="1" falsecount="1"/>
      <line num="865" count="70" type="stmt"/>
      <line num="866" count="70" type="stmt"/>
      <line num="868" count="70" type="cond" truecount="2" falsecount="0"/>
      <line num="870" count="1" type="stmt"/>
      <line num="871" count="1" type="cond" truecount="1" falsecount="1"/>
      <line num="872" count="70" type="stmt"/>
      <line num="873" count="70" type="stmt"/>
      <line num="880" count="7" type="stmt"/>
      <line num="881" count="7" type="stmt"/>
      <line num="882" count="7" type="stmt"/>
      <line num="883" count="7" type="stmt"/>
      <line num="892" count="46" type="stmt"/>
      <line num="914" count="46" type="cond" truecount="4" falsecount="0"/>
      <line num="915" count="45" type="stmt"/>
      <line num="920" count="45" type="cond" truecount="4" falsecount="0"/>
      <line num="921" count="1" type="stmt"/>
      <line num="923" count="45" type="stmt"/>
      <line num="926" count="1" type="cond" truecount="1" falsecount="1"/>
      <line num="927" count="1" type="cond" truecount="1" falsecount="1"/>
      <line num="928" count="1" type="cond" truecount="1" falsecount="1"/>
      <line num="929" count="1" type="cond" truecount="1" falsecount="1"/>
      <line num="930" count="1" type="stmt"/>
      <line num="934" count="46" type="cond" truecount="1" falsecount="1"/>
      <line num="935" count="0" type="stmt"/>
      <line num="936" count="0" type="stmt"/>
      <line num="940" count="46" type="cond" truecount="1" falsecount="1"/>
      <line num="941" count="0" type="stmt"/>
      <line num="942" count="0" type="stmt"/>
      <line num="946" count="56" type="cond" truecount="2" falsecount="0"/>
      <line num="947" count="3" type="stmt"/>
      <line num="948" count="3" type="cond" truecount="2" falsecount="0"/>
      <line num="949" count="2" type="stmt"/>
      <line num="950" count="2" type="stmt"/>
      <line num="952" count="53" type="stmt"/>
      <line num="953" count="53" type="stmt"/>
      <line num="954" count="53" type="cond" truecount="1" falsecount="1"/>
      <line num="956" count="0" type="stmt"/>
      <line num="960" count="56" type="stmt"/>
      <line num="961" count="56" type="cond" truecount="2" falsecount="0"/>
      <line num="965" count="2" type="stmt"/>
      <line num="966" count="2" type="cond" truecount="2" falsecount="0"/>
      <line num="967" count="1" type="stmt"/>
      <line num="968" count="1" type="stmt"/>
      <line num="972" count="39" type="cond" truecount="2" falsecount="0"/>
      <line num="973" count="1" type="stmt"/>
      <line num="974" count="1" type="stmt"/>
      <line num="975" count="1" type="stmt"/>
      <line num="976" count="1" type="stmt"/>
      <line num="977" count="1" type="stmt"/>
      <line num="986" count="39" type="cond" truecount="2" falsecount="0"/>
      <line num="987" count="38" type="stmt"/>
      <line num="988" count="38" type="stmt"/>
      <line num="989" count="38" type="stmt"/>
      <line num="990" count="38" type="stmt"/>
      <line num="991" count="38" type="stmt"/>
      <line num="992" count="38" type="stmt"/>
      <line num="1004" count="46" type="stmt"/>
      <line num="1005" count="46" type="cond" truecount="2" falsecount="0"/>
      <line num="1009" count="6" type="stmt"/>
      <line num="1010" count="6" type="stmt"/>
      <line num="1013" count="40" type="cond" truecount="2" falsecount="0"/>
      <line num="1016" count="46" type="cond" truecount="2" falsecount="0"/>
      <line num="1017" count="1" type="stmt"/>
      <line num="1018" count="1" type="stmt"/>
      <line num="1019" count="1" type="stmt"/>
      <line num="1022" count="39" type="stmt"/>
      <line num="1023" count="39" type="stmt"/>
      <line num="1024" count="39" type="stmt"/>
      <line num="1025" count="39" type="cond" truecount="2" falsecount="0"/>
      <line num="1026" count="39" type="stmt"/>
      <line num="1027" count="39" type="stmt"/>
      <line num="1028" count="39" type="stmt"/>
      <line num="1029" count="39" type="stmt"/>
      <line num="1030" count="39" type="stmt"/>
      <line num="1031" count="39" type="stmt"/>
      <line num="1032" count="39" type="stmt"/>
      <line num="1036" count="1" type="stmt"/>
    </file>
    <file name="toasts.css" path="C:\Users\youbo\IdeaProjects\brents-toasts\src\toasts.css">
      <metrics statements="0" coveredstatements="0" conditionals="0" coveredconditionals="0" methods="0" coveredmethods="0"/>
    </file>
  </project>
</coverage>
