{"C:\\Users\\youbo\\IdeaProjects\\brents-toasts\\src\\ToastAnimation.ts": {"path":"C:\\Users\\youbo\\IdeaProjects\\brents-toasts\\src\\ToastAnimation.ts","statementMap":{"0":{"start":{"line":6,"column":30},"end":{"line":10,"column":null}},"1":{"start":{"line":14,"column":72},"end":{"line":14,"column":null}}},"fnMap":{},"branchMap":{},"s":{"0":1,"1":1},"f":{},"b":{},"meta":{"lastBranch":0,"lastFunction":0,"lastStatement":2,"seen":{"s:6:30:10:Infinity":0,"s:14:72:14:Infinity":1},"fnNames":{}}}
,"C:\\Users\\youbo\\IdeaProjects\\brents-toasts\\src\\ToastBuilder.ts": {"path":"C:\\Users\\youbo\\IdeaProjects\\brents-toasts\\src\\ToastBuilder.ts","statementMap":{"0":{"start":{"line":19,"column":8},"end":{"line":19,"column":null}},"1":{"start":{"line":20,"column":8},"end":{"line":20,"column":null}},"2":{"start":{"line":21,"column":8},"end":{"line":21,"column":null}},"3":{"start":{"line":24,"column":37},"end":{"line":24,"column":66}},"4":{"start":{"line":24,"column":66},"end":{"line":24,"column":79}},"5":{"start":{"line":25,"column":37},"end":{"line":25,"column":66}},"6":{"start":{"line":25,"column":66},"end":{"line":25,"column":79}},"7":{"start":{"line":26,"column":21},"end":{"line":26,"column":61}},"8":{"start":{"line":27,"column":24},"end":{"line":27,"column":67}},"9":{"start":{"line":28,"column":24},"end":{"line":28,"column":67}},"10":{"start":{"line":29,"column":22},"end":{"line":29,"column":63}},"11":{"start":{"line":30,"column":45},"end":{"line":30,"column":82}},"12":{"start":{"line":30,"column":82},"end":{"line":30,"column":95}},"13":{"start":{"line":31,"column":44},"end":{"line":31,"column":79}},"14":{"start":{"line":31,"column":79},"end":{"line":31,"column":92}},"15":{"start":{"line":32,"column":46},"end":{"line":32,"column":83}},"16":{"start":{"line":32,"column":83},"end":{"line":32,"column":96}},"17":{"start":{"line":34,"column":58},"end":{"line":34,"column":107}},"18":{"start":{"line":34,"column":107},"end":{"line":34,"column":120}},"19":{"start":{"line":35,"column":55},"end":{"line":35,"column":90}},"20":{"start":{"line":35,"column":90},"end":{"line":35,"column":103}},"21":{"start":{"line":36,"column":58},"end":{"line":36,"column":95}},"22":{"start":{"line":36,"column":95},"end":{"line":36,"column":108}},"23":{"start":{"line":37,"column":45},"end":{"line":37,"column":78}},"24":{"start":{"line":37,"column":78},"end":{"line":37,"column":91}},"25":{"start":{"line":39,"column":52},"end":{"line":39,"column":95}},"26":{"start":{"line":39,"column":95},"end":{"line":39,"column":108}},"27":{"start":{"line":42,"column":74},"end":{"line":42,"column":109}},"28":{"start":{"line":42,"column":109},"end":{"line":42,"column":122}},"29":{"start":{"line":44,"column":36},"end":{"line":44,"column":63}},"30":{"start":{"line":44,"column":63},"end":{"line":44,"column":76}},"31":{"start":{"line":46,"column":41},"end":{"line":46,"column":70}},"32":{"start":{"line":46,"column":70},"end":{"line":46,"column":83}},"33":{"start":{"line":47,"column":35},"end":{"line":47,"column":75}},"34":{"start":{"line":47,"column":75},"end":{"line":47,"column":88}},"35":{"start":{"line":49,"column":30},"end":{"line":49,"column":65}},"36":{"start":{"line":49,"column":65},"end":{"line":49,"column":78}},"37":{"start":{"line":52,"column":8},"end":{"line":52,"column":null}},"38":{"start":{"line":52,"column":36},"end":{"line":52,"column":null}},"39":{"start":{"line":53,"column":8},"end":{"line":53,"column":null}},"40":{"start":{"line":54,"column":8},"end":{"line":54,"column":null}},"41":{"start":{"line":58,"column":8},"end":{"line":58,"column":null}},"42":{"start":{"line":59,"column":8},"end":{"line":59,"column":null}},"43":{"start":{"line":59,"column":40},"end":{"line":59,"column":null}},"44":{"start":{"line":60,"column":8},"end":{"line":60,"column":null}},"45":{"start":{"line":60,"column":44},"end":{"line":60,"column":null}},"46":{"start":{"line":61,"column":8},"end":{"line":61,"column":null}},"47":{"start":{"line":65,"column":8},"end":{"line":65,"column":null}},"48":{"start":{"line":65,"column":36},"end":{"line":65,"column":null}},"49":{"start":{"line":66,"column":8},"end":{"line":66,"column":null}},"50":{"start":{"line":67,"column":8},"end":{"line":67,"column":null}},"51":{"start":{"line":81,"column":8},"end":{"line":81,"column":null}},"52":{"start":{"line":81,"column":36},"end":{"line":81,"column":null}},"53":{"start":{"line":82,"column":8},"end":{"line":82,"column":null}},"54":{"start":{"line":83,"column":8},"end":{"line":83,"column":null}},"55":{"start":{"line":87,"column":8},"end":{"line":87,"column":null}},"56":{"start":{"line":87,"column":36},"end":{"line":87,"column":null}},"57":{"start":{"line":88,"column":8},"end":{"line":88,"column":null}},"58":{"start":{"line":89,"column":8},"end":{"line":89,"column":null}},"59":{"start":{"line":94,"column":8},"end":{"line":94,"column":null}}},"fnMap":{"0":{"name":"constructor","decl":{"start":{"line":18,"column":4},"end":{"line":18,"column":16}},"loc":{"start":{"line":18,"column":80},"end":{"line":22,"column":null}},"line":18},"1":{"name":"withTitle","decl":{"start":{"line":24,"column":4},"end":{"line":24,"column":14}},"loc":{"start":{"line":24,"column":35},"end":{"line":24,"column":null}},"line":24},"2":{"name":"withColor","decl":{"start":{"line":25,"column":4},"end":{"line":25,"column":14}},"loc":{"start":{"line":25,"column":35},"end":{"line":25,"column":null}},"line":25},"3":{"name":"asInfo","decl":{"start":{"line":26,"column":4},"end":{"line":26,"column":19}},"loc":{"start":{"line":26,"column":19},"end":{"line":26,"column":null}},"line":26},"4":{"name":"asSuccess","decl":{"start":{"line":27,"column":4},"end":{"line":27,"column":22}},"loc":{"start":{"line":27,"column":22},"end":{"line":27,"column":null}},"line":27},"5":{"name":"asWarning","decl":{"start":{"line":28,"column":4},"end":{"line":28,"column":22}},"loc":{"start":{"line":28,"column":22},"end":{"line":28,"column":null}},"line":28},"6":{"name":"asError","decl":{"start":{"line":29,"column":4},"end":{"line":29,"column":20}},"loc":{"start":{"line":29,"column":20},"end":{"line":29,"column":null}},"line":29},"7":{"name":"withDuration","decl":{"start":{"line":30,"column":4},"end":{"line":30,"column":17}},"loc":{"start":{"line":30,"column":43},"end":{"line":30,"column":null}},"line":30},"8":{"name":"withClosable","decl":{"start":{"line":31,"column":4},"end":{"line":31,"column":17}},"loc":{"start":{"line":31,"column":42},"end":{"line":31,"column":null}},"line":31},"9":{"name":"withAllowHtml","decl":{"start":{"line":32,"column":4},"end":{"line":32,"column":18}},"loc":{"start":{"line":32,"column":44},"end":{"line":32,"column":null}},"line":32},"10":{"name":"withAllowLineBreaks","decl":{"start":{"line":34,"column":4},"end":{"line":34,"column":24}},"loc":{"start":{"line":34,"column":56},"end":{"line":34,"column":null}},"line":34},"11":{"name":"withPosition","decl":{"start":{"line":35,"column":4},"end":{"line":35,"column":17}},"loc":{"start":{"line":35,"column":53},"end":{"line":35,"column":null}},"line":35},"12":{"name":"withAnimation","decl":{"start":{"line":36,"column":4},"end":{"line":36,"column":18}},"loc":{"start":{"line":36,"column":56},"end":{"line":36,"column":null}},"line":36},"13":{"name":"withOnClose","decl":{"start":{"line":37,"column":4},"end":{"line":37,"column":16}},"loc":{"start":{"line":37,"column":43},"end":{"line":37,"column":null}},"line":37},"14":{"name":"withPauseOnHover","decl":{"start":{"line":39,"column":4},"end":{"line":39,"column":21}},"loc":{"start":{"line":39,"column":50},"end":{"line":39,"column":null}},"line":39},"15":{"name":"withProgress","decl":{"start":{"line":42,"column":4},"end":{"line":42,"column":17}},"loc":{"start":{"line":42,"column":72},"end":{"line":42,"column":null}},"line":42},"16":{"name":"withData","decl":{"start":{"line":44,"column":4},"end":{"line":44,"column":13}},"loc":{"start":{"line":44,"column":34},"end":{"line":44,"column":null}},"line":44},"17":{"name":"withTheme","decl":{"start":{"line":46,"column":4},"end":{"line":46,"column":14}},"loc":{"start":{"line":46,"column":39},"end":{"line":46,"column":null}},"line":46},"18":{"name":"andRemoveOtherToasts","decl":{"start":{"line":47,"column":4},"end":{"line":47,"column":33}},"loc":{"start":{"line":47,"column":33},"end":{"line":47,"column":null}},"line":47},"19":{"name":"andReverseOrder","decl":{"start":{"line":49,"column":4},"end":{"line":49,"column":28}},"loc":{"start":{"line":49,"column":28},"end":{"line":49,"column":null}},"line":49},"20":{"name":"withButton","decl":{"start":{"line":51,"column":4},"end":{"line":51,"column":15}},"loc":{"start":{"line":51,"column":107},"end":{"line":55,"column":null}},"line":51},"21":{"name":"withDetails","decl":{"start":{"line":57,"column":4},"end":{"line":57,"column":16}},"loc":{"start":{"line":57,"column":111},"end":{"line":62,"column":null}},"line":57},"22":{"name":"withCloseButton","decl":{"start":{"line":64,"column":4},"end":{"line":64,"column":20}},"loc":{"start":{"line":64,"column":62},"end":{"line":68,"column":null}},"line":64},"23":{"name":"withConfirmButton","decl":{"start":{"line":70,"column":4},"end":{"line":70,"column":null}},"loc":{"start":{"line":80,"column":12},"end":{"line":84,"column":null}},"line":80},"24":{"name":"withStepButton","decl":{"start":{"line":86,"column":4},"end":{"line":86,"column":19}},"loc":{"start":{"line":86,"column":71},"end":{"line":90,"column":null}},"line":86},"25":{"name":"show","decl":{"start":{"line":93,"column":4},"end":{"line":93,"column":19}},"loc":{"start":{"line":93,"column":19},"end":{"line":95,"column":null}},"line":93}},"branchMap":{"0":{"loc":{"start":{"line":18,"column":40},"end":{"line":18,"column":80}},"type":"default-arg","locations":[{"start":{"line":18,"column":65},"end":{"line":18,"column":80}}],"line":18},"1":{"loc":{"start":{"line":42,"column":17},"end":{"line":42,"column":72}},"type":"default-arg","locations":[{"start":{"line":42,"column":60},"end":{"line":42,"column":72}}],"line":42},"2":{"loc":{"start":{"line":52,"column":8},"end":{"line":52,"column":null}},"type":"if","locations":[{"start":{"line":52,"column":8},"end":{"line":52,"column":null}},{"start":{},"end":{}}],"line":52},"3":{"loc":{"start":{"line":59,"column":8},"end":{"line":59,"column":null}},"type":"if","locations":[{"start":{"line":59,"column":8},"end":{"line":59,"column":null}},{"start":{},"end":{}}],"line":59},"4":{"loc":{"start":{"line":60,"column":8},"end":{"line":60,"column":null}},"type":"if","locations":[{"start":{"line":60,"column":8},"end":{"line":60,"column":null}},{"start":{},"end":{}}],"line":60},"5":{"loc":{"start":{"line":65,"column":8},"end":{"line":65,"column":null}},"type":"if","locations":[{"start":{"line":65,"column":8},"end":{"line":65,"column":null}},{"start":{},"end":{}}],"line":65},"6":{"loc":{"start":{"line":81,"column":8},"end":{"line":81,"column":null}},"type":"if","locations":[{"start":{"line":81,"column":8},"end":{"line":81,"column":null}},{"start":{},"end":{}}],"line":81},"7":{"loc":{"start":{"line":87,"column":8},"end":{"line":87,"column":null}},"type":"if","locations":[{"start":{"line":87,"column":8},"end":{"line":87,"column":null}},{"start":{},"end":{}}],"line":87}},"s":{"0":1,"1":1,"2":1,"3":1,"4":1,"5":1,"6":1,"7":0,"8":0,"9":0,"10":0,"11":1,"12":1,"13":0,"14":0,"15":0,"16":0,"17":0,"18":0,"19":0,"20":0,"21":0,"22":0,"23":0,"24":0,"25":0,"26":0,"27":0,"28":0,"29":0,"30":0,"31":0,"32":0,"33":0,"34":0,"35":0,"36":0,"37":0,"38":0,"39":0,"40":0,"41":0,"42":0,"43":0,"44":0,"45":0,"46":0,"47":0,"48":0,"49":0,"50":0,"51":0,"52":0,"53":0,"54":0,"55":0,"56":0,"57":0,"58":0,"59":1},"f":{"0":1,"1":1,"2":1,"3":0,"4":0,"5":0,"6":0,"7":1,"8":0,"9":0,"10":0,"11":0,"12":0,"13":0,"14":0,"15":0,"16":0,"17":0,"18":0,"19":0,"20":0,"21":0,"22":0,"23":0,"24":0,"25":1},"b":{"0":[1],"1":[0],"2":[0,0],"3":[0,0],"4":[0,0],"5":[0,0],"6":[0,0],"7":[0,0]},"meta":{"lastBranch":8,"lastFunction":26,"lastStatement":60,"seen":{"f:18:4:18:16":0,"b:18:65:18:80":0,"s:19:8:19:Infinity":0,"s:20:8:20:Infinity":1,"s:21:8:21:Infinity":2,"f:24:4:24:14":1,"s:24:37:24:66":3,"s:24:66:24:79":4,"f:25:4:25:14":2,"s:25:37:25:66":5,"s:25:66:25:79":6,"f:26:4:26:19":3,"s:26:21:26:61":7,"f:27:4:27:22":4,"s:27:24:27:67":8,"f:28:4:28:22":5,"s:28:24:28:67":9,"f:29:4:29:20":6,"s:29:22:29:63":10,"f:30:4:30:17":7,"s:30:45:30:82":11,"s:30:82:30:95":12,"f:31:4:31:17":8,"s:31:44:31:79":13,"s:31:79:31:92":14,"f:32:4:32:18":9,"s:32:46:32:83":15,"s:32:83:32:96":16,"f:34:4:34:24":10,"s:34:58:34:107":17,"s:34:107:34:120":18,"f:35:4:35:17":11,"s:35:55:35:90":19,"s:35:90:35:103":20,"f:36:4:36:18":12,"s:36:58:36:95":21,"s:36:95:36:108":22,"f:37:4:37:16":13,"s:37:45:37:78":23,"s:37:78:37:91":24,"f:39:4:39:21":14,"s:39:52:39:95":25,"s:39:95:39:108":26,"f:42:4:42:17":15,"b:42:60:42:72":1,"s:42:74:42:109":27,"s:42:109:42:122":28,"f:44:4:44:13":16,"s:44:36:44:63":29,"s:44:63:44:76":30,"f:46:4:46:14":17,"s:46:41:46:70":31,"s:46:70:46:83":32,"f:47:4:47:33":18,"s:47:35:47:75":33,"s:47:75:47:88":34,"f:49:4:49:28":19,"s:49:30:49:65":35,"s:49:65:49:78":36,"f:51:4:51:15":20,"b:52:8:52:Infinity:undefined:undefined:undefined:undefined":2,"s:52:8:52:Infinity":37,"s:52:36:52:Infinity":38,"s:53:8:53:Infinity":39,"s:54:8:54:Infinity":40,"f:57:4:57:16":21,"s:58:8:58:Infinity":41,"b:59:8:59:Infinity:undefined:undefined:undefined:undefined":3,"s:59:8:59:Infinity":42,"s:59:40:59:Infinity":43,"b:60:8:60:Infinity:undefined:undefined:undefined:undefined":4,"s:60:8:60:Infinity":44,"s:60:44:60:Infinity":45,"s:61:8:61:Infinity":46,"f:64:4:64:20":22,"b:65:8:65:Infinity:undefined:undefined:undefined:undefined":5,"s:65:8:65:Infinity":47,"s:65:36:65:Infinity":48,"s:66:8:66:Infinity":49,"s:67:8:67:Infinity":50,"f:70:4:70:Infinity":23,"b:81:8:81:Infinity:undefined:undefined:undefined:undefined":6,"s:81:8:81:Infinity":51,"s:81:36:81:Infinity":52,"s:82:8:82:Infinity":53,"s:83:8:83:Infinity":54,"f:86:4:86:19":24,"b:87:8:87:Infinity:undefined:undefined:undefined:undefined":7,"s:87:8:87:Infinity":55,"s:87:36:87:Infinity":56,"s:88:8:88:Infinity":57,"s:89:8:89:Infinity":58,"f:93:4:93:19":25,"s:94:8:94:Infinity":59},"fnNames":{}}}
,"C:\\Users\\youbo\\IdeaProjects\\brents-toasts\\src\\ToastButton.ts": {"path":"C:\\Users\\youbo\\IdeaProjects\\brents-toasts\\src\\ToastButton.ts","statementMap":{"0":{"start":{"line":37,"column":19},"end":{"line":37,"column":null}},"1":{"start":{"line":38,"column":4},"end":{"line":38,"column":null}},"2":{"start":{"line":46,"column":30},"end":{"line":46,"column":null}},"3":{"start":{"line":53,"column":15},"end":{"line":53,"column":null}},"4":{"start":{"line":54,"column":4},"end":{"line":54,"column":null}},"5":{"start":{"line":55,"column":4},"end":{"line":55,"column":null}},"6":{"start":{"line":59,"column":4},"end":{"line":59,"column":null}},"7":{"start":{"line":60,"column":4},"end":{"line":60,"column":null}},"8":{"start":{"line":61,"column":4},"end":{"line":64,"column":null}},"9":{"start":{"line":62,"column":8},"end":{"line":62,"column":null}},"10":{"start":{"line":63,"column":8},"end":{"line":63,"column":null}},"11":{"start":{"line":65,"column":4},"end":{"line":68,"column":null}},"12":{"start":{"line":66,"column":8},"end":{"line":66,"column":null}},"13":{"start":{"line":66,"column":72},"end":{"line":66,"column":null}},"14":{"start":{"line":67,"column":8},"end":{"line":67,"column":null}},"15":{"start":{"line":69,"column":4},"end":{"line":69,"column":null}},"16":{"start":{"line":74,"column":4},"end":{"line":74,"column":null}},"17":{"start":{"line":74,"column":48},"end":{"line":74,"column":70}},"18":{"start":{"line":87,"column":18},"end":{"line":87,"column":null}},"19":{"start":{"line":90,"column":4},"end":{"line":93,"column":null}},"20":{"start":{"line":91,"column":30},"end":{"line":91,"column":null}},"21":{"start":{"line":92,"column":8},"end":{"line":92,"column":null}},"22":{"start":{"line":92,"column":27},"end":{"line":92,"column":null}},"23":{"start":{"line":94,"column":17},"end":{"line":94,"column":null}},"24":{"start":{"line":95,"column":4},"end":{"line":95,"column":null}},"25":{"start":{"line":95,"column":24},"end":{"line":95,"column":null}},"26":{"start":{"line":96,"column":4},"end":{"line":96,"column":null}},"27":{"start":{"line":97,"column":4},"end":{"line":97,"column":null}},"28":{"start":{"line":99,"column":35},"end":{"line":99,"column":null}},"29":{"start":{"line":100,"column":4},"end":{"line":102,"column":null}},"30":{"start":{"line":101,"column":8},"end":{"line":101,"column":null}},"31":{"start":{"line":101,"column":39},"end":{"line":101,"column":94}},"32":{"start":{"line":103,"column":4},"end":{"line":103,"column":null}},"33":{"start":{"line":116,"column":18},"end":{"line":116,"column":null}},"34":{"start":{"line":117,"column":4},"end":{"line":120,"column":null}},"35":{"start":{"line":118,"column":8},"end":{"line":118,"column":null}},"36":{"start":{"line":119,"column":8},"end":{"line":119,"column":null}},"37":{"start":{"line":122,"column":4},"end":{"line":171,"column":null}},"38":{"start":{"line":126,"column":23},"end":{"line":126,"column":null}},"39":{"start":{"line":127,"column":28},"end":{"line":127,"column":null}},"40":{"start":{"line":128,"column":12},"end":{"line":128,"column":null}},"41":{"start":{"line":128,"column":32},"end":{"line":128,"column":null}},"42":{"start":{"line":129,"column":26},"end":{"line":129,"column":null}},"43":{"start":{"line":130,"column":25},"end":{"line":130,"column":null}},"44":{"start":{"line":132,"column":18},"end":{"line":138,"column":null}},"45":{"start":{"line":133,"column":16},"end":{"line":136,"column":null}},"46":{"start":{"line":134,"column":20},"end":{"line":134,"column":null}},"47":{"start":{"line":135,"column":20},"end":{"line":135,"column":null}},"48":{"start":{"line":137,"column":16},"end":{"line":137,"column":null}},"49":{"start":{"line":140,"column":12},"end":{"line":143,"column":null}},"50":{"start":{"line":141,"column":16},"end":{"line":141,"column":null}},"51":{"start":{"line":142,"column":16},"end":{"line":142,"column":null}},"52":{"start":{"line":146,"column":12},"end":{"line":152,"column":null}},"53":{"start":{"line":147,"column":16},"end":{"line":147,"column":null}},"54":{"start":{"line":149,"column":16},"end":{"line":149,"column":null}},"55":{"start":{"line":150,"column":16},"end":{"line":150,"column":null}},"56":{"start":{"line":151,"column":16},"end":{"line":151,"column":null}},"57":{"start":{"line":154,"column":12},"end":{"line":167,"column":null}},"58":{"start":{"line":155,"column":16},"end":{"line":155,"column":null}},"59":{"start":{"line":156,"column":16},"end":{"line":165,"column":null}},"60":{"start":{"line":158,"column":24},"end":{"line":158,"column":null}},"61":{"start":{"line":159,"column":24},"end":{"line":159,"column":null}},"62":{"start":{"line":162,"column":24},"end":{"line":162,"column":null}},"63":{"start":{"line":163,"column":24},"end":{"line":163,"column":null}},"64":{"start":{"line":164,"column":24},"end":{"line":164,"column":null}},"65":{"start":{"line":166,"column":16},"end":{"line":166,"column":null}},"66":{"start":{"line":169,"column":12},"end":{"line":169,"column":null}}},"fnMap":{"0":{"name":"combineClassNames","decl":{"start":{"line":36,"column":9},"end":{"line":36,"column":27}},"loc":{"start":{"line":36,"column":81},"end":{"line":39,"column":null}},"line":36},"1":{"name":"createActionButton","decl":{"start":{"line":52,"column":16},"end":{"line":52,"column":35}},"loc":{"start":{"line":52,"column":156},"end":{"line":70,"column":null}},"line":52},"2":{"name":"(anonymous_2)","decl":{"start":{"line":61,"column":24},"end":{"line":61,"column":34}},"loc":{"start":{"line":61,"column":52},"end":{"line":64,"column":5}},"line":61},"3":{"name":"(anonymous_3)","decl":{"start":{"line":65,"column":24},"end":{"line":65,"column":36}},"loc":{"start":{"line":65,"column":57},"end":{"line":68,"column":5}},"line":65},"4":{"name":"renderToastButton","decl":{"start":{"line":73,"column":16},"end":{"line":73,"column":34}},"loc":{"start":{"line":73,"column":141},"end":{"line":75,"column":null}},"line":73},"5":{"name":"(anonymous_5)","decl":{"start":{"line":74,"column":34},"end":{"line":74,"column":42}},"loc":{"start":{"line":74,"column":48},"end":{"line":74,"column":70}},"line":74},"6":{"name":"applyStep","decl":{"start":{"line":89,"column":9},"end":{"line":89,"column":19}},"loc":{"start":{"line":89,"column":122},"end":{"line":104,"column":null}},"line":89},"7":{"name":"(anonymous_7)","decl":{"start":{"line":101,"column":22},"end":{"line":101,"column":39}},"loc":{"start":{"line":101,"column":39},"end":{"line":101,"column":94}},"line":101},"8":{"name":"createStepButton","decl":{"start":{"line":115,"column":16},"end":{"line":115,"column":33}},"loc":{"start":{"line":115,"column":92},"end":{"line":172,"column":null}},"line":115},"9":{"name":"(anonymous_9)","decl":{"start":{"line":125,"column":8},"end":{"line":125,"column":18}},"loc":{"start":{"line":125,"column":32},"end":{"line":170,"column":null}},"line":125},"10":{"name":"(anonymous_10)","decl":{"start":{"line":132,"column":18},"end":{"line":132,"column":29}},"loc":{"start":{"line":132,"column":54},"end":{"line":138,"column":null}},"line":132},"11":{"name":"(anonymous_11)","decl":{"start":{"line":157,"column":21},"end":{"line":157,"column":27}},"loc":{"start":{"line":157,"column":33},"end":{"line":160,"column":21}},"line":157},"12":{"name":"(anonymous_12)","decl":{"start":{"line":161,"column":21},"end":{"line":161,"column":28}},"loc":{"start":{"line":161,"column":36},"end":{"line":165,"column":21}},"line":161}},"branchMap":{"0":{"loc":{"start":{"line":38,"column":11},"end":{"line":38,"column":null}},"type":"binary-expr","locations":[{"start":{"line":38,"column":11},"end":{"line":38,"column":21}},{"start":{"line":38,"column":21},"end":{"line":38,"column":null}}],"line":38},"1":{"loc":{"start":{"line":52,"column":84},"end":{"line":52,"column":117}},"type":"default-arg","locations":[{"start":{"line":52,"column":111},"end":{"line":52,"column":117}}],"line":52},"2":{"loc":{"start":{"line":55,"column":19},"end":{"line":55,"column":null}},"type":"cond-expr","locations":[{"start":{"line":55,"column":31},"end":{"line":55,"column":64}},{"start":{"line":55,"column":64},"end":{"line":55,"column":null}}],"line":55},"3":{"loc":{"start":{"line":66,"column":8},"end":{"line":66,"column":null}},"type":"if","locations":[{"start":{"line":66,"column":8},"end":{"line":66,"column":null}},{"start":{},"end":{}}],"line":66},"4":{"loc":{"start":{"line":66,"column":12},"end":{"line":66,"column":72}},"type":"binary-expr","locations":[{"start":{"line":66,"column":12},"end":{"line":66,"column":33}},{"start":{"line":66,"column":33},"end":{"line":66,"column":50}},{"start":{"line":66,"column":50},"end":{"line":66,"column":72}}],"line":66},"5":{"loc":{"start":{"line":73,"column":64},"end":{"line":73,"column":97}},"type":"default-arg","locations":[{"start":{"line":73,"column":91},"end":{"line":73,"column":97}}],"line":73},"6":{"loc":{"start":{"line":90,"column":4},"end":{"line":93,"column":null}},"type":"if","locations":[{"start":{"line":90,"column":4},"end":{"line":93,"column":null}},{"start":{},"end":{}}],"line":90},"7":{"loc":{"start":{"line":92,"column":8},"end":{"line":92,"column":null}},"type":"if","locations":[{"start":{"line":92,"column":8},"end":{"line":92,"column":null}},{"start":{},"end":{}}],"line":92},"8":{"loc":{"start":{"line":95,"column":4},"end":{"line":95,"column":null}},"type":"if","locations":[{"start":{"line":95,"column":4},"end":{"line":95,"column":null}},{"start":{},"end":{}}],"line":95},"9":{"loc":{"start":{"line":97,"column":41},"end":{"line":97,"column":78}},"type":"binary-expr","locations":[{"start":{"line":97,"column":41},"end":{"line":97,"column":74}},{"start":{"line":97,"column":74},"end":{"line":97,"column":78}}],"line":97},"10":{"loc":{"start":{"line":100,"column":4},"end":{"line":102,"column":null}},"type":"if","locations":[{"start":{"line":100,"column":4},"end":{"line":102,"column":null}},{"start":{},"end":{}}],"line":100},"11":{"loc":{"start":{"line":101,"column":69},"end":{"line":101,"column":91}},"type":"binary-expr","locations":[{"start":{"line":101,"column":69},"end":{"line":101,"column":90}},{"start":{"line":101,"column":90},"end":{"line":101,"column":91}}],"line":101},"12":{"loc":{"start":{"line":117,"column":4},"end":{"line":120,"column":null}},"type":"if","locations":[{"start":{"line":117,"column":4},"end":{"line":120,"column":null}},{"start":{},"end":{}}],"line":117},"13":{"loc":{"start":{"line":128,"column":12},"end":{"line":128,"column":null}},"type":"if","locations":[{"start":{"line":128,"column":12},"end":{"line":128,"column":null}},{"start":{},"end":{}}],"line":128},"14":{"loc":{"start":{"line":129,"column":26},"end":{"line":129,"column":null}},"type":"binary-expr","locations":[{"start":{"line":129,"column":26},"end":{"line":129,"column":44}},{"start":{"line":129,"column":44},"end":{"line":129,"column":null}}],"line":129},"15":{"loc":{"start":{"line":133,"column":16},"end":{"line":136,"column":null}},"type":"if","locations":[{"start":{"line":133,"column":16},"end":{"line":136,"column":null}},{"start":{},"end":{}}],"line":133},"16":{"loc":{"start":{"line":140,"column":12},"end":{"line":143,"column":null}},"type":"if","locations":[{"start":{"line":140,"column":12},"end":{"line":143,"column":null}},{"start":{},"end":{}}],"line":140},"17":{"loc":{"start":{"line":154,"column":12},"end":{"line":167,"column":null}},"type":"if","locations":[{"start":{"line":154,"column":12},"end":{"line":167,"column":null}},{"start":{},"end":{}}],"line":154}},"s":{"0":12,"1":12,"2":1,"3":16,"4":16,"5":16,"6":16,"7":16,"8":16,"9":1,"10":1,"11":16,"12":0,"13":0,"14":0,"15":16,"16":12,"17":0,"18":1,"19":0,"20":0,"21":0,"22":0,"23":0,"24":0,"25":0,"26":0,"27":0,"28":0,"29":0,"30":0,"31":0,"32":0,"33":0,"34":0,"35":0,"36":0,"37":0,"38":0,"39":0,"40":0,"41":0,"42":0,"43":0,"44":0,"45":0,"46":0,"47":0,"48":0,"49":0,"50":0,"51":0,"52":0,"53":0,"54":0,"55":0,"56":0,"57":0,"58":0,"59":0,"60":0,"61":0,"62":0,"63":0,"64":0,"65":0,"66":0},"f":{"0":12,"1":16,"2":1,"3":0,"4":12,"5":0,"6":0,"7":0,"8":0,"9":0,"10":0,"11":0,"12":0},"b":{"0":[12,12],"1":[16],"2":[0,16],"3":[0,0],"4":[0,0,0],"5":[12],"6":[0,0],"7":[0,0],"8":[0,0],"9":[0,0],"10":[0,0],"11":[0,0],"12":[0,0],"13":[0,0],"14":[0,0],"15":[0,0],"16":[0,0],"17":[0,0]},"meta":{"lastBranch":18,"lastFunction":13,"lastStatement":67,"seen":{"f:36:9:36:27":0,"s:37:19:37:Infinity":0,"s:38:4:38:Infinity":1,"b:38:11:38:21:38:21:38:Infinity":0,"s:46:30:46:Infinity":2,"f:52:16:52:35":1,"b:52:111:52:117":1,"s:53:15:53:Infinity":3,"s:54:4:54:Infinity":4,"s:55:4:55:Infinity":5,"b:55:31:55:64:55:64:55:Infinity":2,"s:59:4:59:Infinity":6,"s:60:4:60:Infinity":7,"s:61:4:64:Infinity":8,"f:61:24:61:34":2,"s:62:8:62:Infinity":9,"s:63:8:63:Infinity":10,"s:65:4:68:Infinity":11,"f:65:24:65:36":3,"b:66:8:66:Infinity:undefined:undefined:undefined:undefined":3,"s:66:8:66:Infinity":12,"b:66:12:66:33:66:33:66:50:66:50:66:72":4,"s:66:72:66:Infinity":13,"s:67:8:67:Infinity":14,"s:69:4:69:Infinity":15,"f:73:16:73:34":4,"b:73:91:73:97":5,"s:74:4:74:Infinity":16,"f:74:34:74:42":5,"s:74:48:74:70":17,"s:87:18:87:Infinity":18,"f:89:9:89:19":6,"b:90:4:93:Infinity:undefined:undefined:undefined:undefined":6,"s:90:4:93:Infinity":19,"s:91:30:91:Infinity":20,"b:92:8:92:Infinity:undefined:undefined:undefined:undefined":7,"s:92:8:92:Infinity":21,"s:92:27:92:Infinity":22,"s:94:17:94:Infinity":23,"b:95:4:95:Infinity:undefined:undefined:undefined:undefined":8,"s:95:4:95:Infinity":24,"s:95:24:95:Infinity":25,"s:96:4:96:Infinity":26,"s:97:4:97:Infinity":27,"b:97:41:97:74:97:74:97:78":9,"s:99:35:99:Infinity":28,"b:100:4:102:Infinity:undefined:undefined:undefined:undefined":10,"s:100:4:102:Infinity":29,"s:101:8:101:Infinity":30,"f:101:22:101:39":7,"s:101:39:101:94":31,"b:101:69:101:90:101:90:101:91":11,"s:103:4:103:Infinity":32,"f:115:16:115:33":8,"s:116:18:116:Infinity":33,"b:117:4:120:Infinity:undefined:undefined:undefined:undefined":12,"s:117:4:120:Infinity":34,"s:118:8:118:Infinity":35,"s:119:8:119:Infinity":36,"s:122:4:171:Infinity":37,"f:125:8:125:18":9,"s:126:23:126:Infinity":38,"s:127:28:127:Infinity":39,"b:128:12:128:Infinity:undefined:undefined:undefined:undefined":13,"s:128:12:128:Infinity":40,"s:128:32:128:Infinity":41,"s:129:26:129:Infinity":42,"b:129:26:129:44:129:44:129:Infinity":14,"s:130:25:130:Infinity":43,"s:132:18:138:Infinity":44,"f:132:18:132:29":10,"b:133:16:136:Infinity:undefined:undefined:undefined:undefined":15,"s:133:16:136:Infinity":45,"s:134:20:134:Infinity":46,"s:135:20:135:Infinity":47,"s:137:16:137:Infinity":48,"b:140:12:143:Infinity:undefined:undefined:undefined:undefined":16,"s:140:12:143:Infinity":49,"s:141:16:141:Infinity":50,"s:142:16:142:Infinity":51,"s:146:12:152:Infinity":52,"s:147:16:147:Infinity":53,"s:149:16:149:Infinity":54,"s:150:16:150:Infinity":55,"s:151:16:151:Infinity":56,"b:154:12:167:Infinity:undefined:undefined:undefined:undefined":17,"s:154:12:167:Infinity":57,"s:155:16:155:Infinity":58,"s:156:16:165:Infinity":59,"f:157:21:157:27":11,"s:158:24:158:Infinity":60,"s:159:24:159:Infinity":61,"f:161:21:161:28":12,"s:162:24:162:Infinity":62,"s:163:24:163:Infinity":63,"s:164:24:164:Infinity":64,"s:166:16:166:Infinity":65,"s:169:12:169:Infinity":66},"fnNames":{}}}
,"C:\\Users\\youbo\\IdeaProjects\\brents-toasts\\src\\ToastColor.ts": {"path":"C:\\Users\\youbo\\IdeaProjects\\brents-toasts\\src\\ToastColor.ts","statementMap":{"0":{"start":{"line":1,"column":26},"end":{"line":6,"column":null}}},"fnMap":{},"branchMap":{},"s":{"0":1},"f":{},"b":{},"meta":{"lastBranch":0,"lastFunction":0,"lastStatement":1,"seen":{"s:1:26:6:Infinity":0},"fnNames":{}}}
,"C:\\Users\\youbo\\IdeaProjects\\brents-toasts\\src\\ToastLocale.ts": {"path":"C:\\Users\\youbo\\IdeaProjects\\brents-toasts\\src\\ToastLocale.ts","statementMap":{"0":{"start":{"line":17,"column":63},"end":{"line":58,"column":null}},"1":{"start":{"line":65,"column":18},"end":{"line":65,"column":null}},"2":{"start":{"line":66,"column":4},"end":{"line":66,"column":null}},"3":{"start":{"line":66,"column":29},"end":{"line":66,"column":null}},"4":{"start":{"line":67,"column":17},"end":{"line":67,"column":null}},"5":{"start":{"line":68,"column":4},"end":{"line":68,"column":null}},"6":{"start":{"line":68,"column":36},"end":{"line":68,"column":null}},"7":{"start":{"line":69,"column":4},"end":{"line":69,"column":null}},"8":{"start":{"line":79,"column":4},"end":{"line":79,"column":null}},"9":{"start":{"line":79,"column":42},"end":{"line":79,"column":null}},"10":{"start":{"line":80,"column":4},"end":{"line":80,"column":null}},"11":{"start":{"line":80,"column":59},"end":{"line":80,"column":null}},"12":{"start":{"line":81,"column":4},"end":{"line":81,"column":null}}},"fnMap":{"0":{"name":"matchToastLocale","decl":{"start":{"line":64,"column":16},"end":{"line":64,"column":33}},"loc":{"start":{"line":64,"column":67},"end":{"line":70,"column":null}},"line":64},"1":{"name":"detectBrowserLocales","decl":{"start":{"line":78,"column":16},"end":{"line":78,"column":49}},"loc":{"start":{"line":78,"column":49},"end":{"line":82,"column":null}},"line":78}},"branchMap":{"0":{"loc":{"start":{"line":66,"column":4},"end":{"line":66,"column":null}},"type":"if","locations":[{"start":{"line":66,"column":4},"end":{"line":66,"column":null}},{"start":{},"end":{}}],"line":66},"1":{"loc":{"start":{"line":68,"column":4},"end":{"line":68,"column":null}},"type":"if","locations":[{"start":{"line":68,"column":4},"end":{"line":68,"column":null}},{"start":{},"end":{}}],"line":68},"2":{"loc":{"start":{"line":68,"column":8},"end":{"line":68,"column":36}},"type":"binary-expr","locations":[{"start":{"line":68,"column":8},"end":{"line":68,"column":16}},{"start":{"line":68,"column":16},"end":{"line":68,"column":36}}],"line":68},"3":{"loc":{"start":{"line":79,"column":4},"end":{"line":79,"column":null}},"type":"if","locations":[{"start":{"line":79,"column":4},"end":{"line":79,"column":null}},{"start":{},"end":{}}],"line":79},"4":{"loc":{"start":{"line":80,"column":4},"end":{"line":80,"column":null}},"type":"if","locations":[{"start":{"line":80,"column":4},"end":{"line":80,"column":null}},{"start":{},"end":{}}],"line":80},"5":{"loc":{"start":{"line":80,"column":8},"end":{"line":80,"column":59}},"type":"binary-expr","locations":[{"start":{"line":80,"column":8},"end":{"line":80,"column":31}},{"start":{"line":80,"column":31},"end":{"line":80,"column":59}}],"line":80},"6":{"loc":{"start":{"line":81,"column":11},"end":{"line":81,"column":null}},"type":"cond-expr","locations":[{"start":{"line":81,"column":32},"end":{"line":81,"column":55}},{"start":{"line":81,"column":55},"end":{"line":81,"column":null}}],"line":81}},"s":{"0":1,"1":56,"2":56,"3":1,"4":55,"5":55,"6":53,"7":2,"8":53,"9":0,"10":53,"11":53,"12":0},"f":{"0":56,"1":53},"b":{"0":[1,55],"1":[53,2],"2":[55,55],"3":[0,53],"4":[53,0],"5":[53,53],"6":[0,0]},"meta":{"lastBranch":7,"lastFunction":2,"lastStatement":13,"seen":{"s:17:63:58:Infinity":0,"f:64:16:64:33":0,"s:65:18:65:Infinity":1,"b:66:4:66:Infinity:undefined:undefined:undefined:undefined":0,"s:66:4:66:Infinity":2,"s:66:29:66:Infinity":3,"s:67:17:67:Infinity":4,"b:68:4:68:Infinity:undefined:undefined:undefined:undefined":1,"s:68:4:68:Infinity":5,"b:68:8:68:16:68:16:68:36":2,"s:68:36:68:Infinity":6,"s:69:4:69:Infinity":7,"f:78:16:78:49":1,"b:79:4:79:Infinity:undefined:undefined:undefined:undefined":3,"s:79:4:79:Infinity":8,"s:79:42:79:Infinity":9,"b:80:4:80:Infinity:undefined:undefined:undefined:undefined":4,"s:80:4:80:Infinity":10,"b:80:8:80:31:80:31:80:59":5,"s:80:59:80:Infinity":11,"s:81:4:81:Infinity":12,"b:81:32:81:55:81:55:81:Infinity":6},"fnNames":{}}}
,"C:\\Users\\youbo\\IdeaProjects\\brents-toasts\\src\\ToastPosition.ts": {"path":"C:\\Users\\youbo\\IdeaProjects\\brents-toasts\\src\\ToastPosition.ts","statementMap":{"0":{"start":{"line":10,"column":29},"end":{"line":17,"column":null}},"1":{"start":{"line":21,"column":70},"end":{"line":28,"column":null}},"2":{"start":{"line":37,"column":75},"end":{"line":44,"column":null}}},"fnMap":{},"branchMap":{},"s":{"0":1,"1":1,"2":1},"f":{},"b":{},"meta":{"lastBranch":0,"lastFunction":0,"lastStatement":3,"seen":{"s:10:29:17:Infinity":0,"s:21:70:28:Infinity":1,"s:37:75:44:Infinity":2},"fnNames":{}}}
,"C:\\Users\\youbo\\IdeaProjects\\brents-toasts\\src\\ToastRender.ts": {"path":"C:\\Users\\youbo\\IdeaProjects\\brents-toasts\\src\\ToastRender.ts","statementMap":{"0":{"start":{"line":27,"column":4},"end":{"line":27,"column":null}},"1":{"start":{"line":28,"column":20},"end":{"line":28,"column":null}},"2":{"start":{"line":29,"column":4},"end":{"line":29,"column":null}},"3":{"start":{"line":30,"column":4},"end":{"line":30,"column":null}},"4":{"start":{"line":31,"column":4},"end":{"line":31,"column":null}},"5":{"start":{"line":35,"column":4},"end":{"line":35,"column":null}},"6":{"start":{"line":42,"column":21},"end":{"line":42,"column":null}},"7":{"start":{"line":43,"column":4},"end":{"line":57,"column":null}},"8":{"start":{"line":44,"column":8},"end":{"line":48,"column":null}},"9":{"start":{"line":45,"column":12},"end":{"line":45,"column":null}},"10":{"start":{"line":46,"column":12},"end":{"line":46,"column":null}},"11":{"start":{"line":47,"column":12},"end":{"line":47,"column":null}},"12":{"start":{"line":49,"column":8},"end":{"line":49,"column":null}},"13":{"start":{"line":54,"column":8},"end":{"line":54,"column":null}},"14":{"start":{"line":55,"column":11},"end":{"line":57,"column":null}},"15":{"start":{"line":56,"column":8},"end":{"line":56,"column":null}},"16":{"start":{"line":59,"column":23},"end":{"line":59,"column":null}},"17":{"start":{"line":60,"column":4},"end":{"line":64,"column":null}},"18":{"start":{"line":61,"column":8},"end":{"line":61,"column":null}},"19":{"start":{"line":62,"column":8},"end":{"line":62,"column":null}},"20":{"start":{"line":63,"column":8},"end":{"line":63,"column":null}},"21":{"start":{"line":65,"column":4},"end":{"line":65,"column":null}},"22":{"start":{"line":66,"column":4},"end":{"line":72,"column":null}},"23":{"start":{"line":67,"column":8},"end":{"line":67,"column":null}},"24":{"start":{"line":68,"column":11},"end":{"line":72,"column":null}},"25":{"start":{"line":69,"column":8},"end":{"line":69,"column":null}},"26":{"start":{"line":71,"column":8},"end":{"line":71,"column":null}},"27":{"start":{"line":87,"column":4},"end":{"line":87,"column":null}},"28":{"start":{"line":88,"column":4},"end":{"line":88,"column":null}},"29":{"start":{"line":88,"column":19},"end":{"line":88,"column":null}},"30":{"start":{"line":90,"column":14},"end":{"line":90,"column":null}},"31":{"start":{"line":91,"column":34},"end":{"line":98,"column":null}},"32":{"start":{"line":100,"column":17},"end":{"line":100,"column":null}},"33":{"start":{"line":101,"column":4},"end":{"line":101,"column":null}},"34":{"start":{"line":102,"column":4},"end":{"line":102,"column":null}},"35":{"start":{"line":103,"column":4},"end":{"line":103,"column":null}},"36":{"start":{"line":104,"column":4},"end":{"line":104,"column":null}},"37":{"start":{"line":105,"column":4},"end":{"line":105,"column":null}},"38":{"start":{"line":107,"column":17},"end":{"line":107,"column":null}},"39":{"start":{"line":108,"column":4},"end":{"line":108,"column":null}},"40":{"start":{"line":109,"column":4},"end":{"line":109,"column":null}},"41":{"start":{"line":110,"column":4},"end":{"line":110,"column":null}},"42":{"start":{"line":111,"column":4},"end":{"line":111,"column":null}},"43":{"start":{"line":112,"column":4},"end":{"line":112,"column":null}},"44":{"start":{"line":114,"column":4},"end":{"line":114,"column":null}},"45":{"start":{"line":115,"column":4},"end":{"line":115,"column":null}},"46":{"start":{"line":116,"column":4},"end":{"line":116,"column":null}},"47":{"start":{"line":143,"column":4},"end":{"line":143,"column":null}},"48":{"start":{"line":144,"column":4},"end":{"line":144,"column":null}},"49":{"start":{"line":147,"column":10},"end":{"line":153,"column":null}},"50":{"start":{"line":148,"column":8},"end":{"line":151,"column":null}},"51":{"start":{"line":149,"column":12},"end":{"line":149,"column":null}},"52":{"start":{"line":150,"column":12},"end":{"line":150,"column":null}},"53":{"start":{"line":152,"column":8},"end":{"line":152,"column":null}},"54":{"start":{"line":155,"column":4},"end":{"line":159,"column":null}},"55":{"start":{"line":156,"column":8},"end":{"line":158,"column":null}},"56":{"start":{"line":157,"column":12},"end":{"line":157,"column":null}},"57":{"start":{"line":162,"column":4},"end":{"line":208,"column":null}},"58":{"start":{"line":163,"column":8},"end":{"line":163,"column":null}},"59":{"start":{"line":164,"column":8},"end":{"line":164,"column":null}},"60":{"start":{"line":165,"column":8},"end":{"line":165,"column":null}},"61":{"start":{"line":167,"column":8},"end":{"line":193,"column":null}},"62":{"start":{"line":168,"column":42},"end":{"line":168,"column":null}},"63":{"start":{"line":169,"column":24},"end":{"line":169,"column":null}},"64":{"start":{"line":170,"column":12},"end":{"line":170,"column":null}},"65":{"start":{"line":172,"column":25},"end":{"line":172,"column":null}},"66":{"start":{"line":173,"column":12},"end":{"line":173,"column":null}},"67":{"start":{"line":174,"column":12},"end":{"line":179,"column":null}},"68":{"start":{"line":175,"column":30},"end":{"line":175,"column":null}},"69":{"start":{"line":176,"column":16},"end":{"line":176,"column":null}},"70":{"start":{"line":177,"column":16},"end":{"line":177,"column":null}},"71":{"start":{"line":178,"column":16},"end":{"line":178,"column":null}},"72":{"start":{"line":180,"column":26},"end":{"line":180,"column":null}},"73":{"start":{"line":181,"column":12},"end":{"line":181,"column":null}},"74":{"start":{"line":182,"column":12},"end":{"line":182,"column":null}},"75":{"start":{"line":183,"column":12},"end":{"line":183,"column":null}},"76":{"start":{"line":184,"column":12},"end":{"line":184,"column":null}},"77":{"start":{"line":186,"column":12},"end":{"line":190,"column":null}},"78":{"start":{"line":187,"column":16},"end":{"line":189,"column":null}},"79":{"start":{"line":188,"column":20},"end":{"line":188,"column":null}},"80":{"start":{"line":192,"column":12},"end":{"line":192,"column":null}},"81":{"start":{"line":195,"column":29},"end":{"line":195,"column":null}},"82":{"start":{"line":196,"column":33},"end":{"line":196,"column":null}},"83":{"start":{"line":198,"column":8},"end":{"line":204,"column":null}},"84":{"start":{"line":199,"column":27},"end":{"line":199,"column":null}},"85":{"start":{"line":200,"column":12},"end":{"line":200,"column":null}},"86":{"start":{"line":201,"column":12},"end":{"line":201,"column":null}},"87":{"start":{"line":202,"column":12},"end":{"line":202,"column":null}},"88":{"start":{"line":203,"column":12},"end":{"line":203,"column":null}},"89":{"start":{"line":203,"column":24},"end":{"line":203,"column":null}},"90":{"start":{"line":205,"column":8},"end":{"line":205,"column":null}},"91":{"start":{"line":206,"column":8},"end":{"line":206,"column":null}},"92":{"start":{"line":207,"column":8},"end":{"line":207,"column":null}},"93":{"start":{"line":210,"column":4},"end":{"line":210,"column":null}},"94":{"start":{"line":210,"column":22},"end":{"line":210,"column":null}},"95":{"start":{"line":211,"column":4},"end":{"line":211,"column":null}},"96":{"start":{"line":211,"column":19},"end":{"line":211,"column":null}}},"fnMap":{"0":{"name":"applyColor","decl":{"start":{"line":26,"column":16},"end":{"line":26,"column":27}},"loc":{"start":{"line":26,"column":113},"end":{"line":36,"column":null}},"line":26},"1":{"name":"applyContent","decl":{"start":{"line":41,"column":16},"end":{"line":41,"column":29}},"loc":{"start":{"line":41,"column":158},"end":{"line":73,"column":null}},"line":41},"2":{"name":"applyProgress","decl":{"start":{"line":82,"column":16},"end":{"line":82,"column":null}},"loc":{"start":{"line":86,"column":32},"end":{"line":117,"column":null}},"line":86},"3":{"name":"renderActions","decl":{"start":{"line":135,"column":16},"end":{"line":135,"column":null}},"loc":{"start":{"line":142,"column":8},"end":{"line":212,"column":null}},"line":142},"4":{"name":"(anonymous_4)","decl":{"start":{"line":147,"column":10},"end":{"line":147,"column":48}},"loc":{"start":{"line":147,"column":48},"end":{"line":153,"column":null}},"line":147},"5":{"name":"(anonymous_5)","decl":{"start":{"line":156,"column":21},"end":{"line":156,"column":30}},"loc":{"start":{"line":156,"column":38},"end":{"line":158,"column":9}},"line":156},"6":{"name":"(anonymous_6)","decl":{"start":{"line":167,"column":21},"end":{"line":167,"column":30}},"loc":{"start":{"line":167,"column":38},"end":{"line":193,"column":9}},"line":167},"7":{"name":"(anonymous_7)","decl":{"start":{"line":187,"column":29},"end":{"line":187,"column":38}},"loc":{"start":{"line":187,"column":46},"end":{"line":189,"column":17}},"line":187},"8":{"name":"(anonymous_8)","decl":{"start":{"line":198,"column":39},"end":{"line":198,"column":59}},"loc":{"start":{"line":198,"column":59},"end":{"line":204,"column":11}},"line":198}},"branchMap":{"0":{"loc":{"start":{"line":28,"column":20},"end":{"line":28,"column":null}},"type":"binary-expr","locations":[{"start":{"line":28,"column":20},"end":{"line":28,"column":50}},{"start":{"line":28,"column":50},"end":{"line":28,"column":null}}],"line":28},"1":{"loc":{"start":{"line":29,"column":31},"end":{"line":29,"column":59}},"type":"cond-expr","locations":[{"start":{"line":29,"column":41},"end":{"line":29,"column":51}},{"start":{"line":29,"column":51},"end":{"line":29,"column":59}}],"line":29},"2":{"loc":{"start":{"line":30,"column":36},"end":{"line":30,"column":68}},"type":"cond-expr","locations":[{"start":{"line":30,"column":46},"end":{"line":30,"column":60}},{"start":{"line":30,"column":60},"end":{"line":30,"column":68}}],"line":30},"3":{"loc":{"start":{"line":35,"column":52},"end":{"line":35,"column":97}},"type":"binary-expr","locations":[{"start":{"line":35,"column":52},"end":{"line":35,"column":72}},{"start":{"line":35,"column":72},"end":{"line":35,"column":97}}],"line":35},"4":{"loc":{"start":{"line":43,"column":4},"end":{"line":57,"column":null}},"type":"if","locations":[{"start":{"line":43,"column":4},"end":{"line":57,"column":null}},{"start":{"line":55,"column":11},"end":{"line":57,"column":null}}],"line":43},"5":{"loc":{"start":{"line":44,"column":8},"end":{"line":48,"column":null}},"type":"if","locations":[{"start":{"line":44,"column":8},"end":{"line":48,"column":null}},{"start":{},"end":{}}],"line":44},"6":{"loc":{"start":{"line":55,"column":11},"end":{"line":57,"column":null}},"type":"if","locations":[{"start":{"line":55,"column":11},"end":{"line":57,"column":null}},{"start":{},"end":{}}],"line":55},"7":{"loc":{"start":{"line":60,"column":4},"end":{"line":64,"column":null}},"type":"if","locations":[{"start":{"line":60,"column":4},"end":{"line":64,"column":null}},{"start":{},"end":{}}],"line":60},"8":{"loc":{"start":{"line":66,"column":4},"end":{"line":72,"column":null}},"type":"if","locations":[{"start":{"line":66,"column":4},"end":{"line":72,"column":null}},{"start":{"line":68,"column":11},"end":{"line":72,"column":null}}],"line":66},"9":{"loc":{"start":{"line":68,"column":11},"end":{"line":72,"column":null}},"type":"if","locations":[{"start":{"line":68,"column":11},"end":{"line":72,"column":null}},{"start":{"line":70,"column":11},"end":{"line":72,"column":null}}],"line":68},"10":{"loc":{"start":{"line":88,"column":4},"end":{"line":88,"column":null}},"type":"if","locations":[{"start":{"line":88,"column":4},"end":{"line":88,"column":null}},{"start":{},"end":{}}],"line":88},"11":{"loc":{"start":{"line":90,"column":14},"end":{"line":90,"column":null}},"type":"cond-expr","locations":[{"start":{"line":90,"column":34},"end":{"line":90,"column":39}},{"start":{"line":90,"column":39},"end":{"line":90,"column":null}}],"line":90},"12":{"loc":{"start":{"line":92,"column":18},"end":{"line":92,"column":null}},"type":"binary-expr","locations":[{"start":{"line":92,"column":18},"end":{"line":92,"column":32}},{"start":{"line":92,"column":32},"end":{"line":92,"column":null}}],"line":92},"13":{"loc":{"start":{"line":93,"column":16},"end":{"line":93,"column":null}},"type":"binary-expr","locations":[{"start":{"line":93,"column":16},"end":{"line":93,"column":28}},{"start":{"line":93,"column":28},"end":{"line":93,"column":null}}],"line":93},"14":{"loc":{"start":{"line":94,"column":14},"end":{"line":94,"column":null}},"type":"binary-expr","locations":[{"start":{"line":94,"column":14},"end":{"line":94,"column":24}},{"start":{"line":94,"column":24},"end":{"line":94,"column":null}}],"line":94},"15":{"loc":{"start":{"line":95,"column":15},"end":{"line":95,"column":null}},"type":"binary-expr","locations":[{"start":{"line":95,"column":15},"end":{"line":95,"column":26}},{"start":{"line":95,"column":26},"end":{"line":95,"column":null}}],"line":95},"16":{"loc":{"start":{"line":96,"column":20},"end":{"line":96,"column":null}},"type":"binary-expr","locations":[{"start":{"line":96,"column":20},"end":{"line":96,"column":36}},{"start":{"line":96,"column":36},"end":{"line":96,"column":null}}],"line":96},"17":{"loc":{"start":{"line":97,"column":16},"end":{"line":97,"column":null}},"type":"binary-expr","locations":[{"start":{"line":97,"column":16},"end":{"line":97,"column":28}},{"start":{"line":97,"column":28},"end":{"line":97,"column":null}}],"line":97},"18":{"loc":{"start":{"line":112,"column":37},"end":{"line":112,"column":65}},"type":"cond-expr","locations":[{"start":{"line":112,"column":59},"end":{"line":112,"column":63}},{"start":{"line":112,"column":63},"end":{"line":112,"column":65}}],"line":112},"19":{"loc":{"start":{"line":148,"column":8},"end":{"line":151,"column":null}},"type":"if","locations":[{"start":{"line":148,"column":8},"end":{"line":151,"column":null}},{"start":{},"end":{}}],"line":148},"20":{"loc":{"start":{"line":155,"column":4},"end":{"line":159,"column":null}},"type":"if","locations":[{"start":{"line":155,"column":4},"end":{"line":159,"column":null}},{"start":{},"end":{}}],"line":155},"21":{"loc":{"start":{"line":155,"column":8},"end":{"line":155,"column":45}},"type":"binary-expr","locations":[{"start":{"line":155,"column":8},"end":{"line":155,"column":24}},{"start":{"line":155,"column":24},"end":{"line":155,"column":45}}],"line":155},"22":{"loc":{"start":{"line":162,"column":4},"end":{"line":208,"column":null}},"type":"if","locations":[{"start":{"line":162,"column":4},"end":{"line":208,"column":null}},{"start":{},"end":{}}],"line":162},"23":{"loc":{"start":{"line":162,"column":8},"end":{"line":162,"column":45}},"type":"binary-expr","locations":[{"start":{"line":162,"column":8},"end":{"line":162,"column":24}},{"start":{"line":162,"column":24},"end":{"line":162,"column":45}}],"line":162},"24":{"loc":{"start":{"line":168,"column":42},"end":{"line":168,"column":null}},"type":"cond-expr","locations":[{"start":{"line":168,"column":68},"end":{"line":168,"column":85}},{"start":{"line":168,"column":85},"end":{"line":168,"column":null}}],"line":168},"25":{"loc":{"start":{"line":174,"column":12},"end":{"line":179,"column":null}},"type":"if","locations":[{"start":{"line":174,"column":12},"end":{"line":179,"column":null}},{"start":{},"end":{}}],"line":174},"26":{"loc":{"start":{"line":186,"column":12},"end":{"line":190,"column":null}},"type":"if","locations":[{"start":{"line":186,"column":12},"end":{"line":190,"column":null}},{"start":{},"end":{}}],"line":186},"27":{"loc":{"start":{"line":186,"column":16},"end":{"line":186,"column":53}},"type":"binary-expr","locations":[{"start":{"line":186,"column":16},"end":{"line":186,"column":32}},{"start":{"line":186,"column":32},"end":{"line":186,"column":53}}],"line":186},"28":{"loc":{"start":{"line":195,"column":29},"end":{"line":195,"column":null}},"type":"binary-expr","locations":[{"start":{"line":195,"column":29},"end":{"line":195,"column":50}},{"start":{"line":195,"column":50},"end":{"line":195,"column":null}}],"line":195},"29":{"loc":{"start":{"line":196,"column":33},"end":{"line":196,"column":null}},"type":"binary-expr","locations":[{"start":{"line":196,"column":33},"end":{"line":196,"column":58}},{"start":{"line":196,"column":58},"end":{"line":196,"column":null}}],"line":196},"30":{"loc":{"start":{"line":201,"column":44},"end":{"line":201,"column":86}},"type":"cond-expr","locations":[{"start":{"line":201,"column":53},"end":{"line":201,"column":72}},{"start":{"line":201,"column":72},"end":{"line":201,"column":86}}],"line":201},"31":{"loc":{"start":{"line":203,"column":12},"end":{"line":203,"column":null}},"type":"if","locations":[{"start":{"line":203,"column":12},"end":{"line":203,"column":null}},{"start":{},"end":{}}],"line":203},"32":{"loc":{"start":{"line":210,"column":4},"end":{"line":210,"column":null}},"type":"if","locations":[{"start":{"line":210,"column":4},"end":{"line":210,"column":null}},{"start":{},"end":{}}],"line":210},"33":{"loc":{"start":{"line":211,"column":4},"end":{"line":211,"column":null}},"type":"if","locations":[{"start":{"line":211,"column":4},"end":{"line":211,"column":null}},{"start":{},"end":{}}],"line":211}},"s":{"0":46,"1":46,"2":46,"3":46,"4":46,"5":46,"6":48,"7":48,"8":5,"9":4,"10":4,"11":4,"12":5,"13":5,"14":43,"15":0,"16":48,"17":48,"18":46,"19":46,"20":46,"21":48,"22":48,"23":1,"24":47,"25":2,"26":45,"27":46,"28":46,"29":44,"30":2,"31":46,"32":46,"33":46,"34":46,"35":46,"36":46,"37":46,"38":46,"39":46,"40":46,"41":46,"42":46,"43":46,"44":46,"45":46,"46":46,"47":52,"48":52,"49":52,"50":16,"51":11,"52":11,"53":16,"54":52,"55":7,"56":12,"57":52,"58":4,"59":4,"60":4,"61":4,"62":5,"63":5,"64":5,"65":5,"66":5,"67":5,"68":0,"69":0,"70":0,"71":0,"72":5,"73":5,"74":5,"75":5,"76":5,"77":5,"78":0,"79":0,"80":5,"81":4,"82":4,"83":4,"84":1,"85":1,"86":1,"87":1,"88":1,"89":1,"90":4,"91":4,"92":4,"93":52,"94":11,"95":52,"96":4},"f":{"0":46,"1":48,"2":46,"3":52,"4":16,"5":12,"6":5,"7":0,"8":1},"b":{"0":[46,44],"1":[2,44],"2":[2,44],"3":[46,46],"4":[5,43],"5":[4,1],"6":[0,43],"7":[46,2],"8":[1,47],"9":[2,45],"10":[44,2],"11":[2,0],"12":[46,2],"13":[46,2],"14":[46,2],"15":[46,2],"16":[46,2],"17":[46,2],"18":[0,2],"19":[11,5],"20":[7,45],"21":[52,7],"22":[4,48],"23":[52,4],"24":[5,0],"25":[0,5],"26":[0,5],"27":[5,0],"28":[4,4],"29":[4,4],"30":[1,0],"31":[1,0],"32":[11,41],"33":[4,48]},"meta":{"lastBranch":34,"lastFunction":9,"lastStatement":97,"seen":{"f:26:16:26:27":0,"s:27:4:27:Infinity":0,"s:28:20:28:Infinity":1,"b:28:20:28:50:28:50:28:Infinity":0,"s:29:4:29:Infinity":2,"b:29:41:29:51:29:51:29:59":1,"s:30:4:30:Infinity":3,"b:30:46:30:60:30:60:30:68":2,"s:31:4:31:Infinity":4,"s:35:4:35:Infinity":5,"b:35:52:35:72:35:72:35:97":3,"f:41:16:41:29":1,"s:42:21:42:Infinity":6,"b:43:4:57:Infinity:55:11:57:Infinity":4,"s:43:4:57:Infinity":7,"b:44:8:48:Infinity:undefined:undefined:undefined:undefined":5,"s:44:8:48:Infinity":8,"s:45:12:45:Infinity":9,"s:46:12:46:Infinity":10,"s:47:12:47:Infinity":11,"s:49:8:49:Infinity":12,"s:54:8:54:Infinity":13,"b:55:11:57:Infinity:undefined:undefined:undefined:undefined":6,"s:55:11:57:Infinity":14,"s:56:8:56:Infinity":15,"s:59:23:59:Infinity":16,"b:60:4:64:Infinity:undefined:undefined:undefined:undefined":7,"s:60:4:64:Infinity":17,"s:61:8:61:Infinity":18,"s:62:8:62:Infinity":19,"s:63:8:63:Infinity":20,"s:65:4:65:Infinity":21,"b:66:4:72:Infinity:68:11:72:Infinity":8,"s:66:4:72:Infinity":22,"s:67:8:67:Infinity":23,"b:68:11:72:Infinity:70:11:72:Infinity":9,"s:68:11:72:Infinity":24,"s:69:8:69:Infinity":25,"s:71:8:71:Infinity":26,"f:82:16:82:Infinity":2,"s:87:4:87:Infinity":27,"b:88:4:88:Infinity:undefined:undefined:undefined:undefined":10,"s:88:4:88:Infinity":28,"s:88:19:88:Infinity":29,"s:90:14:90:Infinity":30,"b:90:34:90:39:90:39:90:Infinity":11,"s:91:34:98:Infinity":31,"b:92:18:92:32:92:32:92:Infinity":12,"b:93:16:93:28:93:28:93:Infinity":13,"b:94:14:94:24:94:24:94:Infinity":14,"b:95:15:95:26:95:26:95:Infinity":15,"b:96:20:96:36:96:36:96:Infinity":16,"b:97:16:97:28:97:28:97:Infinity":17,"s:100:17:100:Infinity":32,"s:101:4:101:Infinity":33,"s:102:4:102:Infinity":34,"s:103:4:103:Infinity":35,"s:104:4:104:Infinity":36,"s:105:4:105:Infinity":37,"s:107:17:107:Infinity":38,"s:108:4:108:Infinity":39,"s:109:4:109:Infinity":40,"s:110:4:110:Infinity":41,"s:111:4:111:Infinity":42,"s:112:4:112:Infinity":43,"b:112:59:112:63:112:63:112:65":18,"s:114:4:114:Infinity":44,"s:115:4:115:Infinity":45,"s:116:4:116:Infinity":46,"f:135:16:135:Infinity":3,"s:143:4:143:Infinity":47,"s:144:4:144:Infinity":48,"s:147:10:153:Infinity":49,"f:147:10:147:48":4,"b:148:8:151:Infinity:undefined:undefined:undefined:undefined":19,"s:148:8:151:Infinity":50,"s:149:12:149:Infinity":51,"s:150:12:150:Infinity":52,"s:152:8:152:Infinity":53,"b:155:4:159:Infinity:undefined:undefined:undefined:undefined":20,"s:155:4:159:Infinity":54,"b:155:8:155:24:155:24:155:45":21,"s:156:8:158:Infinity":55,"f:156:21:156:30":5,"s:157:12:157:Infinity":56,"b:162:4:208:Infinity:undefined:undefined:undefined:undefined":22,"s:162:4:208:Infinity":57,"b:162:8:162:24:162:24:162:45":23,"s:163:8:163:Infinity":58,"s:164:8:164:Infinity":59,"s:165:8:165:Infinity":60,"s:167:8:193:Infinity":61,"f:167:21:167:30":6,"s:168:42:168:Infinity":62,"b:168:68:168:85:168:85:168:Infinity":24,"s:169:24:169:Infinity":63,"s:170:12:170:Infinity":64,"s:172:25:172:Infinity":65,"s:173:12:173:Infinity":66,"b:174:12:179:Infinity:undefined:undefined:undefined:undefined":25,"s:174:12:179:Infinity":67,"s:175:30:175:Infinity":68,"s:176:16:176:Infinity":69,"s:177:16:177:Infinity":70,"s:178:16:178:Infinity":71,"s:180:26:180:Infinity":72,"s:181:12:181:Infinity":73,"s:182:12:182:Infinity":74,"s:183:12:183:Infinity":75,"s:184:12:184:Infinity":76,"b:186:12:190:Infinity:undefined:undefined:undefined:undefined":26,"s:186:12:190:Infinity":77,"b:186:16:186:32:186:32:186:53":27,"s:187:16:189:Infinity":78,"f:187:29:187:38":7,"s:188:20:188:Infinity":79,"s:192:12:192:Infinity":80,"s:195:29:195:Infinity":81,"b:195:29:195:50:195:50:195:Infinity":28,"s:196:33:196:Infinity":82,"b:196:33:196:58:196:58:196:Infinity":29,"s:198:8:204:Infinity":83,"f:198:39:198:59":8,"s:199:27:199:Infinity":84,"s:200:12:200:Infinity":85,"s:201:12:201:Infinity":86,"b:201:53:201:72:201:72:201:86":30,"s:202:12:202:Infinity":87,"b:203:12:203:Infinity:undefined:undefined:undefined:undefined":31,"s:203:12:203:Infinity":88,"s:203:24:203:Infinity":89,"s:205:8:205:Infinity":90,"s:206:8:206:Infinity":91,"s:207:8:207:Infinity":92,"b:210:4:210:Infinity:undefined:undefined:undefined:undefined":32,"s:210:4:210:Infinity":93,"s:210:22:210:Infinity":94,"b:211:4:211:Infinity:undefined:undefined:undefined:undefined":33,"s:211:4:211:Infinity":95,"s:211:19:211:Infinity":96},"fnNames":{}}}
,"C:\\Users\\youbo\\IdeaProjects\\brents-toasts\\src\\ToastStacking.ts": {"path":"C:\\Users\\youbo\\IdeaProjects\\brents-toasts\\src\\ToastStacking.ts","statementMap":{"0":{"start":{"line":3,"column":18},"end":{"line":3,"column":null}},"1":{"start":{"line":6,"column":33},"end":{"line":6,"column":null}},"2":{"start":{"line":13,"column":4},"end":{"line":13,"column":null}},"3":{"start":{"line":23,"column":17},"end":{"line":23,"column":null}},"4":{"start":{"line":24,"column":17},"end":{"line":24,"column":null}},"5":{"start":{"line":25,"column":4},"end":{"line":32,"column":null}},"6":{"start":{"line":26,"column":22},"end":{"line":26,"column":57}},"7":{"start":{"line":29,"column":28},"end":{"line":29,"column":null}},"8":{"start":{"line":30,"column":12},"end":{"line":30,"column":null}},"9":{"start":{"line":31,"column":12},"end":{"line":31,"column":null}},"10":{"start":{"line":39,"column":17},"end":{"line":39,"column":null}},"11":{"start":{"line":40,"column":17},"end":{"line":40,"column":null}},"12":{"start":{"line":41,"column":4},"end":{"line":48,"column":null}},"13":{"start":{"line":42,"column":22},"end":{"line":42,"column":37}},"14":{"start":{"line":45,"column":28},"end":{"line":45,"column":null}},"15":{"start":{"line":46,"column":12},"end":{"line":46,"column":null}},"16":{"start":{"line":47,"column":12},"end":{"line":47,"column":null}},"17":{"start":{"line":58,"column":17},"end":{"line":58,"column":null}},"18":{"start":{"line":59,"column":4},"end":{"line":63,"column":null}},"19":{"start":{"line":60,"column":22},"end":{"line":60,"column":38}},"20":{"start":{"line":62,"column":12},"end":{"line":62,"column":null}},"21":{"start":{"line":64,"column":4},"end":{"line":64,"column":null}}},"fnMap":{"0":{"name":"edgeFor","decl":{"start":{"line":12,"column":9},"end":{"line":12,"column":17}},"loc":{"start":{"line":12,"column":58},"end":{"line":14,"column":null}},"line":12},"1":{"name":"recalculatePositions","decl":{"start":{"line":22,"column":16},"end":{"line":22,"column":37}},"loc":{"start":{"line":22,"column":66},"end":{"line":33,"column":null}},"line":22},"2":{"name":"(anonymous_2)","decl":{"start":{"line":26,"column":9},"end":{"line":26,"column":16}},"loc":{"start":{"line":26,"column":22},"end":{"line":26,"column":57}},"line":26},"3":{"name":"(anonymous_3)","decl":{"start":{"line":28,"column":9},"end":{"line":28,"column":18}},"loc":{"start":{"line":28,"column":25},"end":{"line":32,"column":9}},"line":28},"4":{"name":"stackExistingAway","decl":{"start":{"line":38,"column":16},"end":{"line":38,"column":34}},"loc":{"start":{"line":38,"column":86},"end":{"line":49,"column":null}},"line":38},"5":{"name":"(anonymous_5)","decl":{"start":{"line":42,"column":9},"end":{"line":42,"column":16}},"loc":{"start":{"line":42,"column":22},"end":{"line":42,"column":37}},"line":42},"6":{"name":"(anonymous_6)","decl":{"start":{"line":44,"column":9},"end":{"line":44,"column":18}},"loc":{"start":{"line":44,"column":25},"end":{"line":48,"column":9}},"line":44},"7":{"name":"totalStackedExtent","decl":{"start":{"line":57,"column":16},"end":{"line":57,"column":35}},"loc":{"start":{"line":57,"column":90},"end":{"line":65,"column":null}},"line":57},"8":{"name":"(anonymous_8)","decl":{"start":{"line":60,"column":9},"end":{"line":60,"column":16}},"loc":{"start":{"line":60,"column":22},"end":{"line":60,"column":38}},"line":60},"9":{"name":"(anonymous_9)","decl":{"start":{"line":61,"column":9},"end":{"line":61,"column":18}},"loc":{"start":{"line":61,"column":25},"end":{"line":63,"column":9}},"line":61}},"branchMap":{"0":{"loc":{"start":{"line":13,"column":11},"end":{"line":13,"column":null}},"type":"binary-expr","locations":[{"start":{"line":13,"column":11},"end":{"line":13,"column":77}},{"start":{"line":13,"column":77},"end":{"line":13,"column":null}}],"line":13}},"s":{"0":1,"1":1,"2":57,"3":12,"4":12,"5":12,"6":12,"7":1,"8":1,"9":1,"10":45,"11":45,"12":45,"13":53,"14":8,"15":8,"16":8,"17":1,"18":1,"19":2,"20":1,"21":1},"f":{"0":57,"1":12,"2":12,"3":1,"4":45,"5":53,"6":8,"7":1,"8":2,"9":1},"b":{"0":[57,0]},"meta":{"lastBranch":1,"lastFunction":10,"lastStatement":22,"seen":{"s:3:18:3:Infinity":0,"s:6:33:6:Infinity":1,"f:12:9:12:17":0,"s:13:4:13:Infinity":2,"b:13:11:13:77:13:77:13:Infinity":0,"f:22:16:22:37":1,"s:23:17:23:Infinity":3,"s:24:17:24:Infinity":4,"s:25:4:32:Infinity":5,"f:26:9:26:16":2,"s:26:22:26:57":6,"f:28:9:28:18":3,"s:29:28:29:Infinity":7,"s:30:12:30:Infinity":8,"s:31:12:31:Infinity":9,"f:38:16:38:34":4,"s:39:17:39:Infinity":10,"s:40:17:40:Infinity":11,"s:41:4:48:Infinity":12,"f:42:9:42:16":5,"s:42:22:42:37":13,"f:44:9:44:18":6,"s:45:28:45:Infinity":14,"s:46:12:46:Infinity":15,"s:47:12:47:Infinity":16,"f:57:16:57:35":7,"s:58:17:58:Infinity":17,"s:59:4:63:Infinity":18,"f:60:9:60:16":8,"s:60:22:60:38":19,"f:61:9:61:18":9,"s:62:12:62:Infinity":20,"s:64:4:64:Infinity":21},"fnNames":{}}}
,"C:\\Users\\youbo\\IdeaProjects\\brents-toasts\\src\\ToastText.ts": {"path":"C:\\Users\\youbo\\IdeaProjects\\brents-toasts\\src\\ToastText.ts","statementMap":{"0":{"start":{"line":15,"column":4},"end":{"line":18,"column":null}},"1":{"start":{"line":16,"column":8},"end":{"line":16,"column":null}},"2":{"start":{"line":16,"column":18},"end":{"line":16,"column":null}},"3":{"start":{"line":17,"column":8},"end":{"line":17,"column":null}},"4":{"start":{"line":19,"column":18},"end":{"line":19,"column":null}},"5":{"start":{"line":20,"column":4},"end":{"line":23,"column":null}},"6":{"start":{"line":21,"column":8},"end":{"line":21,"column":null}},"7":{"start":{"line":21,"column":19},"end":{"line":21,"column":null}},"8":{"start":{"line":22,"column":8},"end":{"line":22,"column":null}},"9":{"start":{"line":22,"column":18},"end":{"line":22,"column":null}}},"fnMap":{"0":{"name":"renderTextWithBreaks","decl":{"start":{"line":14,"column":16},"end":{"line":14,"column":37}},"loc":{"start":{"line":14,"column":110},"end":{"line":24,"column":null}},"line":14},"1":{"name":"(anonymous_1)","decl":{"start":{"line":20,"column":10},"end":{"line":20,"column":19}},"loc":{"start":{"line":20,"column":31},"end":{"line":23,"column":5}},"line":20}},"branchMap":{"0":{"loc":{"start":{"line":14,"column":71},"end":{"line":14,"column":110}},"type":"default-arg","locations":[{"start":{"line":14,"column":98},"end":{"line":14,"column":110}}],"line":14},"1":{"loc":{"start":{"line":15,"column":4},"end":{"line":18,"column":null}},"type":"if","locations":[{"start":{"line":15,"column":4},"end":{"line":18,"column":null}},{"start":{},"end":{}}],"line":15},"2":{"loc":{"start":{"line":16,"column":8},"end":{"line":16,"column":null}},"type":"if","locations":[{"start":{"line":16,"column":8},"end":{"line":16,"column":null}},{"start":{},"end":{}}],"line":16},"3":{"loc":{"start":{"line":21,"column":8},"end":{"line":21,"column":null}},"type":"if","locations":[{"start":{"line":21,"column":8},"end":{"line":21,"column":null}},{"start":{},"end":{}}],"line":21},"4":{"loc":{"start":{"line":22,"column":8},"end":{"line":22,"column":null}},"type":"if","locations":[{"start":{"line":22,"column":8},"end":{"line":22,"column":null}},{"start":{},"end":{}}],"line":22}},"s":{"0":72,"1":1,"2":1,"3":1,"4":71,"5":71,"6":73,"7":2,"8":73,"9":73},"f":{"0":72,"1":73},"b":{"0":[72],"1":[1,71],"2":[1,0],"3":[2,71],"4":[73,0]},"meta":{"lastBranch":5,"lastFunction":2,"lastStatement":10,"seen":{"f:14:16:14:37":0,"b:14:98:14:110":0,"b:15:4:18:Infinity:undefined:undefined:undefined:undefined":1,"s:15:4:18:Infinity":0,"b:16:8:16:Infinity:undefined:undefined:undefined:undefined":2,"s:16:8:16:Infinity":1,"s:16:18:16:Infinity":2,"s:17:8:17:Infinity":3,"s:19:18:19:Infinity":4,"s:20:4:23:Infinity":5,"f:20:10:20:19":1,"b:21:8:21:Infinity:undefined:undefined:undefined:undefined":3,"s:21:8:21:Infinity":6,"s:21:19:21:Infinity":7,"b:22:8:22:Infinity:undefined:undefined:undefined:undefined":4,"s:22:8:22:Infinity":8,"s:22:18:22:Infinity":9},"fnNames":{}}}
,"C:\\Users\\youbo\\IdeaProjects\\brents-toasts\\src\\ToastTheme.ts": {"path":"C:\\Users\\youbo\\IdeaProjects\\brents-toasts\\src\\ToastTheme.ts","statementMap":{"0":{"start":{"line":33,"column":79},"end":{"line":38,"column":null}},"1":{"start":{"line":50,"column":4},"end":{"line":54,"column":null}},"2":{"start":{"line":51,"column":22},"end":{"line":51,"column":null}},"3":{"start":{"line":52,"column":8},"end":{"line":53,"column":null}},"4":{"start":{"line":52,"column":19},"end":{"line":52,"column":null}},"5":{"start":{"line":53,"column":13},"end":{"line":53,"column":null}},"6":{"start":{"line":62,"column":4},"end":{"line":62,"column":null}},"7":{"start":{"line":62,"column":41},"end":{"line":62,"column":null}},"8":{"start":{"line":63,"column":18},"end":{"line":63,"column":null}},"9":{"start":{"line":64,"column":4},"end":{"line":64,"column":null}},"10":{"start":{"line":65,"column":21},"end":{"line":65,"column":null}},"11":{"start":{"line":66,"column":4},"end":{"line":66,"column":null}},"12":{"start":{"line":66,"column":19},"end":{"line":66,"column":null}},"13":{"start":{"line":67,"column":18},"end":{"line":67,"column":null}},"14":{"start":{"line":68,"column":4},"end":{"line":68,"column":null}},"15":{"start":{"line":68,"column":16},"end":{"line":68,"column":null}},"16":{"start":{"line":69,"column":4},"end":{"line":69,"column":null}},"17":{"start":{"line":81,"column":16},"end":{"line":81,"column":null}},"18":{"start":{"line":82,"column":4},"end":{"line":82,"column":null}},"19":{"start":{"line":82,"column":14},"end":{"line":82,"column":null}},"20":{"start":{"line":83,"column":22},"end":{"line":83,"column":null}},"21":{"start":{"line":84,"column":4},"end":{"line":84,"column":null}},"22":{"start":{"line":95,"column":4},"end":{"line":95,"column":null}}},"fnMap":{"0":{"name":"applyThemeVars","decl":{"start":{"line":49,"column":16},"end":{"line":49,"column":31}},"loc":{"start":{"line":49,"column":85},"end":{"line":55,"column":null}},"line":49},"1":{"name":"resolveRgb","decl":{"start":{"line":61,"column":9},"end":{"line":61,"column":20}},"loc":{"start":{"line":61,"column":73},"end":{"line":70,"column":null}},"line":61},"2":{"name":"isLightColor","decl":{"start":{"line":80,"column":9},"end":{"line":80,"column":22}},"loc":{"start":{"line":80,"column":58},"end":{"line":85,"column":null}},"line":80},"3":{"name":"autoCloseIconColor","decl":{"start":{"line":94,"column":16},"end":{"line":94,"column":35}},"loc":{"start":{"line":94,"column":95},"end":{"line":96,"column":null}},"line":94}},"branchMap":{"0":{"loc":{"start":{"line":52,"column":8},"end":{"line":53,"column":null}},"type":"if","locations":[{"start":{"line":52,"column":8},"end":{"line":53,"column":null}},{"start":{"line":53,"column":13},"end":{"line":53,"column":null}}],"line":52},"1":{"loc":{"start":{"line":62,"column":4},"end":{"line":62,"column":null}},"type":"if","locations":[{"start":{"line":62,"column":4},"end":{"line":62,"column":null}},{"start":{},"end":{}}],"line":62},"2":{"loc":{"start":{"line":66,"column":4},"end":{"line":66,"column":null}},"type":"if","locations":[{"start":{"line":66,"column":4},"end":{"line":66,"column":null}},{"start":{},"end":{}}],"line":66},"3":{"loc":{"start":{"line":68,"column":4},"end":{"line":68,"column":null}},"type":"if","locations":[{"start":{"line":68,"column":4},"end":{"line":68,"column":null}},{"start":{},"end":{}}],"line":68},"4":{"loc":{"start":{"line":82,"column":4},"end":{"line":82,"column":null}},"type":"if","locations":[{"start":{"line":82,"column":4},"end":{"line":82,"column":null}},{"start":{},"end":{}}],"line":82},"5":{"loc":{"start":{"line":94,"column":56},"end":{"line":94,"column":71}},"type":"default-arg","locations":[{"start":{"line":94,"column":63},"end":{"line":94,"column":71}}],"line":94},"6":{"loc":{"start":{"line":94,"column":71},"end":{"line":94,"column":95}},"type":"default-arg","locations":[{"start":{"line":94,"column":79},"end":{"line":94,"column":95}}],"line":94},"7":{"loc":{"start":{"line":95,"column":11},"end":{"line":95,"column":null}},"type":"cond-expr","locations":[{"start":{"line":95,"column":39},"end":{"line":95,"column":46}},{"start":{"line":95,"column":46},"end":{"line":95,"column":null}}],"line":95}},"s":{"0":1,"1":46,"2":184,"3":184,"4":2,"5":182,"6":46,"7":0,"8":46,"9":46,"10":46,"11":46,"12":0,"13":46,"14":46,"15":0,"16":46,"17":46,"18":46,"19":0,"20":46,"21":46,"22":46},"f":{"0":46,"1":46,"2":46,"3":46},"b":{"0":[2,182],"1":[0,46],"2":[0,46],"3":[0,46],"4":[0,46],"5":[46],"6":[46],"7":[0,46]},"meta":{"lastBranch":8,"lastFunction":4,"lastStatement":23,"seen":{"s:33:79:38:Infinity":0,"f:49:16:49:31":0,"s:50:4:54:Infinity":1,"s:51:22:51:Infinity":2,"b:52:8:53:Infinity:53:13:53:Infinity":0,"s:52:8:53:Infinity":3,"s:52:19:52:Infinity":4,"s:53:13:53:Infinity":5,"f:61:9:61:20":1,"b:62:4:62:Infinity:undefined:undefined:undefined:undefined":1,"s:62:4:62:Infinity":6,"s:62:41:62:Infinity":7,"s:63:18:63:Infinity":8,"s:64:4:64:Infinity":9,"s:65:21:65:Infinity":10,"b:66:4:66:Infinity:undefined:undefined:undefined:undefined":2,"s:66:4:66:Infinity":11,"s:66:19:66:Infinity":12,"s:67:18:67:Infinity":13,"b:68:4:68:Infinity:undefined:undefined:undefined:undefined":3,"s:68:4:68:Infinity":14,"s:68:16:68:Infinity":15,"s:69:4:69:Infinity":16,"f:80:9:80:22":2,"s:81:16:81:Infinity":17,"b:82:4:82:Infinity:undefined:undefined:undefined:undefined":4,"s:82:4:82:Infinity":18,"s:82:14:82:Infinity":19,"s:83:22:83:Infinity":20,"s:84:4:84:Infinity":21,"f:94:16:94:35":3,"b:94:63:94:71":5,"b:94:79:94:95":6,"s:95:4:95:Infinity":22,"b:95:39:95:46:95:46:95:Infinity":7},"fnNames":{}}}
,"C:\\Users\\youbo\\IdeaProjects\\brents-toasts\\src\\Toasts.ts": {"path":"C:\\Users\\youbo\\IdeaProjects\\brents-toasts\\src\\Toasts.ts","statementMap":{"0":{"start":{"line":23,"column":19},"end":{"line":23,"column":null}},"1":{"start":{"line":24,"column":28},"end":{"line":24,"column":null}},"2":{"start":{"line":163,"column":37},"end":{"line":175,"column":null}},"3":{"start":{"line":227,"column":8},"end":{"line":227,"column":null}},"4":{"start":{"line":228,"column":8},"end":{"line":228,"column":null}},"5":{"start":{"line":229,"column":8},"end":{"line":229,"column":null}},"6":{"start":{"line":230,"column":8},"end":{"line":230,"column":null}},"7":{"start":{"line":231,"column":8},"end":{"line":231,"column":null}},"8":{"start":{"line":232,"column":8},"end":{"line":232,"column":null}},"9":{"start":{"line":233,"column":8},"end":{"line":233,"column":null}},"10":{"start":{"line":234,"column":8},"end":{"line":234,"column":null}},"11":{"start":{"line":235,"column":8},"end":{"line":235,"column":null}},"12":{"start":{"line":236,"column":8},"end":{"line":236,"column":null}},"13":{"start":{"line":237,"column":8},"end":{"line":237,"column":null}},"14":{"start":{"line":238,"column":8},"end":{"line":238,"column":null}},"15":{"start":{"line":239,"column":8},"end":{"line":239,"column":null}},"16":{"start":{"line":240,"column":8},"end":{"line":240,"column":null}},"17":{"start":{"line":248,"column":8},"end":{"line":248,"column":null}},"18":{"start":{"line":259,"column":8},"end":{"line":259,"column":null}},"19":{"start":{"line":264,"column":8},"end":{"line":264,"column":null}},"20":{"start":{"line":264,"column":31},"end":{"line":264,"column":null}},"21":{"start":{"line":265,"column":8},"end":{"line":265,"column":null}},"22":{"start":{"line":266,"column":8},"end":{"line":266,"column":null}},"23":{"start":{"line":301,"column":8},"end":{"line":301,"column":null}},"24":{"start":{"line":302,"column":21},"end":{"line":302,"column":null}},"25":{"start":{"line":303,"column":18},"end":{"line":303,"column":null}},"26":{"start":{"line":305,"column":8},"end":{"line":307,"column":null}},"27":{"start":{"line":306,"column":12},"end":{"line":306,"column":null}},"28":{"start":{"line":309,"column":25},"end":{"line":309,"column":null}},"29":{"start":{"line":310,"column":8},"end":{"line":310,"column":null}},"30":{"start":{"line":311,"column":25},"end":{"line":311,"column":null}},"31":{"start":{"line":312,"column":21},"end":{"line":312,"column":null}},"32":{"start":{"line":314,"column":33},"end":{"line":314,"column":null}},"33":{"start":{"line":315,"column":26},"end":{"line":315,"column":null}},"34":{"start":{"line":316,"column":28},"end":{"line":316,"column":null}},"35":{"start":{"line":318,"column":29},"end":{"line":320,"column":null}},"36":{"start":{"line":319,"column":17},"end":{"line":319,"column":null}},"37":{"start":{"line":321,"column":8},"end":{"line":335,"column":null}},"38":{"start":{"line":326,"column":28},"end":{"line":326,"column":null}},"39":{"start":{"line":327,"column":12},"end":{"line":333,"column":null}},"40":{"start":{"line":328,"column":28},"end":{"line":328,"column":null}},"41":{"start":{"line":329,"column":16},"end":{"line":332,"column":null}},"42":{"start":{"line":330,"column":20},"end":{"line":330,"column":null}},"43":{"start":{"line":331,"column":20},"end":{"line":331,"column":null}},"44":{"start":{"line":334,"column":12},"end":{"line":334,"column":null}},"45":{"start":{"line":334,"column":24},"end":{"line":334,"column":null}},"46":{"start":{"line":337,"column":19},"end":{"line":337,"column":null}},"47":{"start":{"line":339,"column":31},"end":{"line":339,"column":null}},"48":{"start":{"line":340,"column":8},"end":{"line":340,"column":null}},"49":{"start":{"line":341,"column":8},"end":{"line":341,"column":null}},"50":{"start":{"line":342,"column":8},"end":{"line":342,"column":null}},"51":{"start":{"line":343,"column":8},"end":{"line":343,"column":null}},"52":{"start":{"line":344,"column":8},"end":{"line":344,"column":null}},"53":{"start":{"line":345,"column":8},"end":{"line":345,"column":null}},"54":{"start":{"line":345,"column":26},"end":{"line":345,"column":null}},"55":{"start":{"line":346,"column":8},"end":{"line":346,"column":null}},"56":{"start":{"line":346,"column":37},"end":{"line":346,"column":null}},"57":{"start":{"line":347,"column":8},"end":{"line":347,"column":null}},"58":{"start":{"line":349,"column":22},"end":{"line":349,"column":null}},"59":{"start":{"line":350,"column":8},"end":{"line":350,"column":null}},"60":{"start":{"line":356,"column":25},"end":{"line":356,"column":null}},"61":{"start":{"line":357,"column":8},"end":{"line":357,"column":null}},"62":{"start":{"line":359,"column":27},"end":{"line":359,"column":null}},"63":{"start":{"line":360,"column":8},"end":{"line":360,"column":null}},"64":{"start":{"line":361,"column":26},"end":{"line":361,"column":null}},"65":{"start":{"line":362,"column":8},"end":{"line":362,"column":null}},"66":{"start":{"line":363,"column":8},"end":{"line":363,"column":null}},"67":{"start":{"line":364,"column":8},"end":{"line":364,"column":null}},"68":{"start":{"line":366,"column":29},"end":{"line":366,"column":null}},"69":{"start":{"line":367,"column":8},"end":{"line":367,"column":null}},"70":{"start":{"line":368,"column":8},"end":{"line":368,"column":null}},"71":{"start":{"line":370,"column":8},"end":{"line":370,"column":null}},"72":{"start":{"line":371,"column":8},"end":{"line":371,"column":null}},"73":{"start":{"line":372,"column":8},"end":{"line":372,"column":null}},"74":{"start":{"line":373,"column":8},"end":{"line":373,"column":null}},"75":{"start":{"line":373,"column":65},"end":{"line":373,"column":94}},"76":{"start":{"line":374,"column":8},"end":{"line":374,"column":null}},"77":{"start":{"line":375,"column":8},"end":{"line":375,"column":null}},"78":{"start":{"line":376,"column":8},"end":{"line":376,"column":null}},"79":{"start":{"line":383,"column":8},"end":{"line":392,"column":null}},"80":{"start":{"line":384,"column":12},"end":{"line":384,"column":null}},"81":{"start":{"line":387,"column":12},"end":{"line":387,"column":null}},"82":{"start":{"line":389,"column":12},"end":{"line":389,"column":null}},"83":{"start":{"line":390,"column":12},"end":{"line":390,"column":null}},"84":{"start":{"line":391,"column":12},"end":{"line":391,"column":null}},"85":{"start":{"line":397,"column":31},"end":{"line":397,"column":null}},"86":{"start":{"line":397,"column":56},"end":{"line":397,"column":86}},"87":{"start":{"line":398,"column":8},"end":{"line":398,"column":null}},"88":{"start":{"line":399,"column":8},"end":{"line":399,"column":null}},"89":{"start":{"line":402,"column":8},"end":{"line":405,"column":null}},"90":{"start":{"line":403,"column":12},"end":{"line":403,"column":null}},"91":{"start":{"line":404,"column":12},"end":{"line":404,"column":null}},"92":{"start":{"line":411,"column":8},"end":{"line":411,"column":null}},"93":{"start":{"line":411,"column":27},"end":{"line":411,"column":null}},"94":{"start":{"line":412,"column":8},"end":{"line":414,"column":null}},"95":{"start":{"line":413,"column":12},"end":{"line":413,"column":null}},"96":{"start":{"line":413,"column":64},"end":{"line":413,"column":null}},"97":{"start":{"line":415,"column":8},"end":{"line":420,"column":null}},"98":{"start":{"line":416,"column":12},"end":{"line":416,"column":null}},"99":{"start":{"line":416,"column":76},"end":{"line":416,"column":null}},"100":{"start":{"line":417,"column":12},"end":{"line":417,"column":null}},"101":{"start":{"line":417,"column":65},"end":{"line":417,"column":null}},"102":{"start":{"line":418,"column":12},"end":{"line":418,"column":null}},"103":{"start":{"line":419,"column":12},"end":{"line":419,"column":null}},"104":{"start":{"line":421,"column":8},"end":{"line":423,"column":null}},"105":{"start":{"line":422,"column":12},"end":{"line":422,"column":null}},"106":{"start":{"line":427,"column":8},"end":{"line":429,"column":null}},"107":{"start":{"line":428,"column":12},"end":{"line":428,"column":null}},"108":{"start":{"line":428,"column":68},"end":{"line":428,"column":null}},"109":{"start":{"line":430,"column":8},"end":{"line":432,"column":null}},"110":{"start":{"line":431,"column":12},"end":{"line":431,"column":null}},"111":{"start":{"line":431,"column":68},"end":{"line":431,"column":null}},"112":{"start":{"line":434,"column":8},"end":{"line":434,"column":null}},"113":{"start":{"line":438,"column":31},"end":{"line":438,"column":null}},"114":{"start":{"line":439,"column":8},"end":{"line":439,"column":null}},"115":{"start":{"line":439,"column":29},"end":{"line":439,"column":null}},"116":{"start":{"line":440,"column":8},"end":{"line":440,"column":null}},"117":{"start":{"line":440,"column":60},"end":{"line":440,"column":null}},"118":{"start":{"line":441,"column":23},"end":{"line":441,"column":null}},"119":{"start":{"line":443,"column":24},"end":{"line":443,"column":null}},"120":{"start":{"line":444,"column":8},"end":{"line":444,"column":null}},"121":{"start":{"line":445,"column":8},"end":{"line":445,"column":null}},"122":{"start":{"line":445,"column":21},"end":{"line":445,"column":null}},"123":{"start":{"line":447,"column":22},"end":{"line":447,"column":null}},"124":{"start":{"line":448,"column":8},"end":{"line":448,"column":null}},"125":{"start":{"line":448,"column":30},"end":{"line":448,"column":null}},"126":{"start":{"line":449,"column":8},"end":{"line":449,"column":null}},"127":{"start":{"line":450,"column":8},"end":{"line":450,"column":null}},"128":{"start":{"line":451,"column":8},"end":{"line":451,"column":null}},"129":{"start":{"line":453,"column":8},"end":{"line":453,"column":null}},"130":{"start":{"line":454,"column":8},"end":{"line":454,"column":null}},"131":{"start":{"line":457,"column":8},"end":{"line":457,"column":null}},"132":{"start":{"line":457,"column":20},"end":{"line":457,"column":null}},"133":{"start":{"line":459,"column":8},"end":{"line":464,"column":null}},"134":{"start":{"line":460,"column":12},"end":{"line":460,"column":null}},"135":{"start":{"line":461,"column":12},"end":{"line":461,"column":null}},"136":{"start":{"line":462,"column":12},"end":{"line":462,"column":null}},"137":{"s
[...]
],"86":[0],"87":[0],"88":[0,0],"89":[5,0],"90":[2,44],"91":[66,4],"92":[2,68],"93":[70,2],"94":[0,2],"95":[2,0],"96":[0,2],"97":[1,69],"98":[0,1],"99":[45,1],"100":[46,46],"101":[1,44],"102":[45,44],"103":[1,0],"104":[1,0],"105":[1,0],"106":[1,0],"107":[46,0],"108":[46,0],"109":[3,53],"110":[1,2],"111":[53,0],"112":[1,55],"113":[1,1],"114":[38,1],"115":[1,38],"116":[6,40],"117":[39,1],"118":[1,45],"119":[38,1]},"meta":{"lastBranch":120,"lastFunction":57,"lastStatement":410,"seen":{"s:23:19:23:Infinity":0,"s:24:28:24:Infinity":1,"s:163:37:175:Infinity":2,"f:226:4:226:18":0,"s:227:8:227:Infinity":3,"s:228:8:228:Infinity":4,"s:229:8:229:Infinity":5,"s:230:8:230:Infinity":6,"s:231:8:231:Infinity":7,"s:232:8:232:Infinity":8,"s:233:8:233:Infinity":9,"s:234:8:234:Infinity":10,"s:235:8:235:Infinity":11,"s:236:8:236:Infinity":12,"s:237:8:237:Infinity":13,"s:238:8:238:Infinity":14,"s:239:8:239:Infinity":15,"s:240:8:240:Infinity":16,"f:247:4:247:14":1,"b:247:46:247:56":0,"s:248:8:248:Infinity":17,"f:258:4:258:22":2,"s:259:8:259:Infinity":18,"f:263:4:263:12":3,"b:264:8:264:Infinity:undefined:undefined:undefined:undefined":1,"s:264:8:264:Infinity":19,"s:264:31:264:Infinity":20,"s:265:8:265:Infinity":21,"s:266:8:266:Infinity":22,"f:294:4:294:Infinity":4,"s:301:8:301:Infinity":23,"s:302:21:302:Infinity":24,"s:303:18:303:Infinity":25,"b:305:8:307:Infinity:undefined:undefined:undefined:undefined":2,"s:305:8:307:Infinity":26,"s:306:12:306:Infinity":27,"s:309:25:309:Infinity":28,"s:310:8:310:Infinity":29,"s:311:25:311:Infinity":30,"s:312:21:312:Infinity":31,"s:314:33:314:Infinity":32,"s:315:26:315:Infinity":33,"b:315:26:315:57:315:57:315:Infinity":3,"s:316:28:316:Infinity":34,"b:316:28:316:61:316:61:316:Infinity":4,"s:318:29:320:Infinity":35,"f:318:59:318:Infinity":5,"s:319:17:319:Infinity":36,"b:321:8:335:Infinity:undefined:undefined:undefined:undefined":5,"s:321:8:335:Infinity":37,"b:321:12:321:48:321:48:321:61":6,"s:326:28:326:Infinity":38,"s:327:12:333:Infinity":39,"s:328:28:328:Infinity":40,"b:328:28:328:69:328:69:328:Infinity":7,"b:329:16:332:Infinity:undefined:undefined:undefined:undefined":8,"s:329:16:332:Infinity":41,"s:330:20:330:Infinity":42,"s:331:20:331:Infinity":43,"b:334:12:334:Infinity:undefined:undefined:undefined:undefined":9,"s:334:12:334:Infinity":44,"s:334:24:334:Infinity":45,"s:337:19:337:Infinity":46,"s:339:31:339:Infinity":47,"s:340:8:340:Infinity":48,"s:341:8:341:Infinity":49,"s:342:8:342:Infinity":50,"s:343:8:343:Infinity":51,"s:344:8:344:Infinity":52,"b:345:8:345:Infinity:undefined:undefined:undefined:undefined":10,"s:345:8:345:Infinity":53,"s:345:26:345:Infinity":54,"b:346:8:346:Infinity:undefined:undefined:undefined:undefined":11,"s:346:8:346:Infinity":55,"s:346:37:346:Infinity":56,"s:347:8:347:Infinity":57,"s:349:22:349:Infinity":58,"s:350:8:350:Infinity":59,"s:356:25:356:Infinity":60,"s:357:8:357:Infinity":61,"b:357:60:357:77:357:77:357:Infinity":12,"s:359:27:359:Infinity":62,"s:360:8:360:Infinity":63,"s:361:26:361:Infinity":64,"s:362:8:362:Infinity":65,"s:363:8:363:Infinity":66,"s:364:8:364:Infinity":67,"s:366:29:366:Infinity":68,"s:367:8:367:Infinity":69,"s:368:8:368:Infinity":70,"s:370:8:370:Infinity":71,"s:371:8:371:Infinity":72,"s:372:8:372:Infinity":73,"s:373:8:373:Infinity":74,"f:373:49:373:53":6,"s:373:65:373:94":75,"s:374:8:374:Infinity":76,"s:375:8:375:Infinity":77,"s:376:8:376:Infinity":78,"b:383:8:392:Infinity:388:15:392:Infinity":13,"s:383:8:392:Infinity":79,"s:384:12:384:Infinity":80,"s:387:12:387:Infinity":81,"s:389:12:389:Infinity":82,"s:390:12:390:Infinity":83,"s:391:12:391:Infinity":84,"s:397:31:397:Infinity":85,"f:397:35:397:56":7,"s:397:56:397:86":86,"s:398:8:398:Infinity":87,"s:399:8:399:Infinity":88,"s:402:8:405:Infinity":89,"f:402:8:402:36":8,"s:403:12:403:Infinity":90,"s:404:12:404:Infinity":91,"b:411:8:411:Infinity:undefined:undefined:undefined:undefined":14,"s:411:8:411:Infinity":92,"s:411:27:411:Infinity":93,"s:412:8:414:Infinity":94,"f:412:34:412:49":9,"b:413:12:413:Infinity:undefined:undefined:undefined:undefined":15,"s:413:12:413:Infinity":95,"s:413:64:413:Infinity":96,"s:415:8:420:Infinity":97,"f:415:34:415:46":10,"b:416:12:416:Infinity:undefined:undefined:undefined:undefined":16,"s:416:12:416:Infinity":98,"b:416:16:416:37:416:37:416:54:416:54:416:76":17,"s:416:76:416:Infinity":99,"b:417:12:417:Infinity:undefined:undefined:undefined:undefined":18,"s:417:12:417:Infinity":100,"s:417:65:417:Infinity":101,"s:418:12:418:Infinity":102,"s:419:12:419:Infinity":103,"b:421:8:423:Infinity:undefined:undefined:undefined:undefined":19,"s:421:8:423:Infinity":104,"s:422:12:422:Infinity":105,"s:427:8:429:Infinity":106,"f:427:40:427:60":11,"b:428:12:428:Infinity:undefined:undefined:undefined:undefined":20,"s:428:12:428:Infinity":107,"s:428:68:428:Infinity":108,"s:430:8:432:Infinity":109,"f:430:40:430:60":12,"b:431:12:431:Infinity:undefined:undefined:undefined:undefined":21,"s:431:12:431:Infinity":110,"s:431:68:431:Infinity":111,"s:434:8:434:Infinity":112,"f:437:4:437:16":13,"s:438:31:438:Infinity":113,"b:439:8:439:Infinity:undefined:undefined:undefined:undefined":22,"s:439:8:439:Infinity":114,"s:439:29:439:Infinity":115,"b:440:8:440:Infinity:undefined:undefined:undefined:undefined":23,"s:440:8:440:Infinity":116,"s:440:60:440:Infinity":117,"s:441:23:441:Infinity":118,"s:443:24:443:Infinity":119,"s:444:8:444:Infinity":120,"b:445:8:445:Infinity:undefined:undefined:undefined:undefined":24,"s:445:8:445:Infinity":121,"s:445:21:445:Infinity":122,"s:447:22:447:Infinity":123,"b:448:8:448:Infinity:undefined:undefined:undefined:undefined":25,"s:448:8:448:Infinity":124,"s:448:30:448:Infinity":125,"s:449:8:449:Infinity":126,"s:450:8:450:Infinity":127,"s:451:8:451:Infinity":128,"s:453:8:453:Infinity":129,"s:454:8:454:Infinity":130,"b:457:8:457:Infinity:undefined:undefined:undefined:undefined":26,"s:457:8:457:Infinity":131,"s:457:20:457:Infinity":132,"s:459:8:464:Infinity":133,"f:459:8:459:25":14,"s:460:12:460:Infinity":134,"s:461:12:461:Infinity":135,"s:462:12:462:Infinity":136,"b:463:12:463:Infinity:undefined:undefined:undefined:undefined":27,"s:463:12:463:Infinity":137,"s:463:24:463:Infinity":138,"f:482:4:482:16":15,"s:483:31:483:Infinity":139,"b:484:8:484:Infinity:undefined:undefined:undefined:undefined":28,"s:484:8:484:Infinity":140,"s:484:29:484:Infinity":141,"s:485:21:485:Infinity":142,"b:486:8:486:Infinity:undefined:undefined:undefined:undefined":29,"s:486:8:486:Infinity":143,"s:486:19:486:Infinity":144,"s:488:22:488:Infinity":145,"s:489:25:489:Infinity":146,"s:490:27:490:Infinity":147,"s:491:29:491:Infinity":148,"b:492:8:492:Infinity:undefined:undefined:undefined:undefined":30,"s:492:8:492:Infinity":149,"b:492:12:492:22:492:22:492:35:492:35:492:50:492:50:492:65":31,"s:492:65:492:Infinity":150,"s:494:34:494:Infinity":151,"s:495:8:495:Infinity":152,"b:497:8:499:Infinity:undefined:undefined:undefined:undefined":32,"s:497:8:499:Infinity":153,"b:497:12:497:35:497:35:497:56:497:56:497:81:497:81:497:110":33,"s:498:12:498:Infinity":154,"b:500:8:500:Infinity:undefined:undefined:undefined:undefined":34,"s:500:8:500:Infinity":155,"b:500:12:500:33:500:33:500:52":35,"s:500:52:500:Infinity":156,"b:501:8:507:Infinity:undefined:undefined:undefined:undefined":36,"s:501:8:507:Infinity":157,"b:501:12:501:36:501:36:501:55":37,"s:505:12:505:Infinity":158,"s:506:12:506:Infinity":159,"b:508:8:510:Infinity:undefined:undefined:undefined:undefined":38,"s:508:8:510:Infinity":160,"b:508:12:508:35:508:35:508:58:508:58:508:86:508:86:508:118:508:118:508:147":39,"s:509:12:509:Infinity":161,"f:509:76:509:80":16,"s:509:92:509:121":162,"b:511:8:511:Infinity:undefined:undefined:undefined:undefined":40,"s:511:8:511:Infinity":163,"s:511:30:511:Infinity":164,"b:512:8:515:Infinity:undefined:undefined:undefined:undefined":41,"s:512:8:515:Infinity":165,"b:513:12:514:Infinity:514:17:514:Infinity":42,"s:513:12:514:Infinity":166,"s:513:32:513:Infinity":167,"s:514:17:514:Infinity":168,"b:516:8:520:Infinity:undefined:undefined:undefined:undefined":43,"s:516:8:520:Infinity":169,"s:517:12:517:Infinity":170,"b:518:12:519:Infinity:519:17:519:Infinity":44,"s:518:12:519:Infinity":171,"s:518:32:518:Infinity":172,"s:519:17:519:Infinity":173,"b:521:8:529:Infinity:undefined:undefined:undefined:undefined":45,"s:521:8:529:Infinity":174,"b:522:12:528:Infinity:524:19:528:Infinity":46,"s:522:12:528:Infinity":175,"s:523:16:523:Infinity":176,"b:524:19:528:Infinity:526:19:528:Infinity":47,"s:524:19:528:Infinity":177,"s:525:16:525:Infinity":178,"s:527:16:527:Infinity":179,"f:537:4:537:19":17,"s:538:22:538:Infinity":180,"b:539:8:539:Infinity:undefined:undefined:undefined:undefined":48,"s:539:8:539:Infinity":181,"s:539:20:539:Infinity":182,"s:540:24:540:Infinity":183,"b:540:40:540:61:540:61:540:Infinity":49,"s:541:8:541:Infinity":184,"b:541:45:541:62:541:62:541:108":50,"s:542:8:542:Infinity":185,"f:546:4:546:22":18,"s:547:22:547:Infinity":186,"b:548:8:548:Infinity:undefined:undefined:undefined:undefined":51,"s:548:8:548:Infinity":187,"s:548:29:548:Infinity":188,"s:549:24:549:Infinity":189,"s:550:8:550:Infinity":190,"s:551:8:551:Infinity":191,"f:556:4:556:19":19,"s:557:22:557:Infinity":192,"b:558:8:558:Infinity:undefined:undefined:undefined:undefined":52,"s:558:8:558:Infinity":193,"s:558:20:558:Infinity":194,"s:559:24:559:Infinity":195,"b:559:40:559:61:559:61:559:Infinity":53,"s:560:8:560:Infinity":196,"b:560:45:560:62:560:62:560:108":54,"s:561:8:561:Infinity":197,"f:565:4:565:22":20,"s:566:22:566:Infinity":198,"b:567:8:567:Infinity:undefined:undefined:undefined:undefined":55,"s:567:8:567:Infinity":199,"s:567:29:567:Infinity":200,"s:568:24:568:Infinity":201,"s:569:8:569:Infinity":202,"s:570:8:570:Infinity":203,"f:580:4:580:20":21,"s:581:19:581:Infinity":204,"b:582:8:582:Infinity:undefined:undefined:undefined:undefined":56,"s:582:8:582:Infinity":205,"s:582:17:582:Infinity":206,"s:583:22:583:Infinity":207,"b:584:8:584:Infinity:undefined:undefined:undefined:undefined":57,"s:584:8:584:Infinity":208,"b:584:12:584:22:584:22:584:48":58,"s:584:48:584:Infinity":209,"b:585:8:585:Infinity:undefined:undefined:undefined:undefined":59,"s:585:8:585:Infinity":210,"s:585:29:585:Infinity":211,"s:586:8:586:Infinity":212,"s:587:8:587:Infinity":213,"s:588:8:588:Infinity":214,"s:589:8:589:Infinity":215,"f:598:4:598:21":22,"s:599:19:599:Infinity":216,"b:600:8:600:Infinity:undefined:undefined:undefined:undefined":60,"s:600:8:600:Infinity":217,"s:600:17:600:Infinity":218,"s:601:22:601:Infinity":219,"b:602:8:602:Infinity:undefined:undefined:undefined:undefined":61,"s:602:8:602:Infinity":220,"b:602:12:602:22:602:22:602:48":62,"s:602:48:602:Infinity":221,"s:603:8:603:Infinity":222,"s:604:8:604:Infinity":223,"f:604:26:604:43":23,"s:604:43:604:65":224,"s:605:8:605:Infinity":225,"f:616:4:616:20":24,"s:617:19:617:Infinity":226,"b:618:8:618:Infinity:undefined:undefined:undefined:undefined":63,"s:618:8:618:Infinity":227,"s:618:17:618:Infinity":228,"s:619:22:619:Infinity":229,"b:620:8:620:Infinity:undefined:undefined:undefined:undefined":64,"s:620:8:620:Infinity":230,"s:620:20:620:Infinity":231,"b:621:8:621:Infinity:undefined:undefined:undefined:undefined":65,"s:621:8:621:Infinity":232,"s:621:39:621:Infinity":233,"s:622:8:622:Infinity":234,"b:623:8:627:Infinity:undefined:undefined:undefined:undefined":66,"s:623:8:627:Infinity":235,"b:624:12:624:Infinity:undefined:undefined:undefined:undefined":67,"s:624:12:624:Infinity":236,"s:624:33:624:Infinity":237,"s:625:12:625:Infinity":238,"s:626:12:626:Infinity":239,"f:626:30:626:47":25,"s:626:47:626:69":240,"s:628:8:628:Infinity":241,"f:636:4:636:21":26,"s:637:19:637:Infinity":242,"b:638:8:638:Infinity:undefined:undefined:undefined:undefined":68,"s:638:8:638:Infinity":243,"s:638:17:638:Infinity":244,"s:639:22:639:Infinity":245,"b:640:8:640:Infinity:undefined:undefined:undefined:undefined":69,"s:640:8:640:Infinity":246,"s:640:20:640:Infinity":247,"s:641:8:641:Infinity":248,"b:642:8:646:Infinity:undefined:undefined:undefined:undefined":70,"s:642:8:646:Infinity":249,"b:643:12:643:Infinity:undefined:undefined:undefined:undefined":71,"s:643:12:643:Infinity":250,"s:643:33:643:Infinity":251,"s:644:12:644:Infinity":252,"s:645:12:645:Infinity":253,"f:645:30:645:47":27,"s:645:47:645:69":254,"s:647:8:647:Infinity":255,"f:655:4:655:21":28,"s:656:19:656:Infinity":256,"b:657:8:657:Infinity:undefined:undefined:undefined:undefined":72,"s:657:8:657:Infinity":257,"s:657:17:657:Infinity":258,"s:658:22:658:Infinity":259,"b:659:8:659:Infinity:undefined:undefined:undefined:undefined":73,"s:659:8:659:Infinity":260,"s:659:20:659:Infinity":261,"b:660:8:660:Infinity:undefined:undefined:undefined:undefined":74,"s:660:8:660:Infinity":262,"s:660:29:660:Infinity":263,"s:661:8:661:Infinity":264,"s:662:8:662:Infinity":265,"f:672:4:672:18":29,"s:673:19:673:Infinity":266,"b:674:8:674:Infinity:undefined:undefined:undefined:undefined":75,"s:674:8:674:Infinity":267,"s:674:17:674:Infinity":268,"s:675:22:675:Infinity":269,"b:676:8:676:Infinity:undefined:undefined:undefined:undefined":76,"s:676:8:676:Infinity":270,"s:676:20:676:Infinity":271,"s:677:30:677:Infinity":272,"s:678:26:678:Infinity":273,"b:678:47:678:65:678:65:678:Infinity":77,"s:679:8:679:Infinity":274,"f:690:4:690:30":30,"s:691:19:691:Infinity":275,"b:692:8:692:Infinity:undefined:undefined:undefined:undefined":78,"s:692:8:692:Infinity":276,"s:692:17:692:Infinity":277,"s:693:8:693:Infinity":278,"f:701:4:701:20":31,"s:702:19:702:Infinity":279,"b:703:8:703:Infinity:undefined:undefined:undefined:undefined":79,"s:703:8:703:Infinity":280,"s:703:17:703:Infinity":281,"s:704:8:704:Infinity":282,"f:714:4:714:16":32,"s:715:8:719:Infinity":283,"b:716:19:716:28:716:28:716:Infinity":80,"f:718:12:718:22":33,"s:718:37:718:Infinity":284,"f:733:4:733:22":34,"s:734:18:734:Infinity":285,"s:735:8:744:Infinity":286,"b:737:23:737:32:737:32:737:Infinity":81,"f:738:16:738:26":35,"s:739:20:739:Infinity":287,"s:740:20:740:Infinity":288,"b:740:50:740:58:740:58:740:Infinity":82,"b:743:21:743:36:743:36:743:46":83,"f:758:4:758:Infinity":36,"s:769:18:769:Infinity":289,"s:776:12:776:Infinity":290,"b:771:27:771:Infinity":84,"b:772:24:772:Infinity":85,"b:774:31:774:Infinity":86,"b:775:28:775:Infinity":87,"b:776:12:776:23:776:23:776:Infinity":88,"s:778:8:797:Infinity":291,"f:785:16:785:26":37,"s:785:43:785:69":292,"f:789:16:789:26":38,"s:790:20:790:Infinity":293,"s:791:20:791:Infinity":294,"f:808:4:808:15":39,"s:809:8:809:Infinity":295,"f:816:4:816:28":40,"s:817:8:819:Infinity":296,"f:817:23:817:31":41,"s:818:12:818:Infinity":297,"f:818:42:818:50":42,"s:818:59:818:85":298,"f:822:4:822:12":43,"s:823:19:823:Infinity":299,"s:824:8:824:Infinity":300,"b:824:20:824:47:824:47:824:Infinity":89,"f:830:4:830:12":44,"b:831:8:832:Infinity:832:13:832:Infinity":90,"s:831:8:832:Infinity":301,"s:831:17:831:Infinity":302,"s:832:13:832:Infinity":303,"f:843:4:843:12":45,"s:844:20:844:Infinity":304,"b:845:8:845:Infinity:undefined:undefined:undefined:undefined":91,"s:845:8:845:Infinity":305,"s:845:18:845:Infinity":306,"s:847:21:847:Infinity":307,"s:848:21:848:Infinity":308,"b:849:8:849:Infinity:undefined:undefined:undefined:undefined":92,"s:849:8:849:Infinity":309,"b:849:12:849:21:849:21:849:28":93,"s:849:28:849:Infinity":310,"s:851:22:851:Infinity":311,"b:852:8:855:Infinity:undefined:undefined:undefined:undefined":94,"s:852:8:855:Infinity":312,"s:853:12:853:Infinity":313,"s:854:12:854:Infinity":314,"s:856:8:856:Infinity":315,"s:858:51:858:Infinity":316,"s:862:32:862:Infinity":317,"b:862:47:862:100:862:100:862:Infinity":95,"s:863:29:863:Infinity":318,"b:863:51:863:69:863:69:863:Infinity":96,"s:865:8:865:Infinity":319,"s:866:8:866:Infinity":320,"b:868:8:868:Infinity:undefined:undefined:undefined:undefined":97,"s:868:8:868:Infinity":321,"s:868:32:868:Infinity":322,"s:870:8:870:Infinity":323,"s:871:23:871:Infinity":324,"b:871:45:871:49:871:49:871:Infinity":98,"s:872:8:872:Infinity":325,"s:873:8:873:Infinity":326,"f:879:4:879:12":46,"s:880:39:880:Infinity":327,"s:881:8:881:Infinity":328,"f:881:26:881:43":47,"s:881:43:881:68":329,"s:882:8:882:Infinity":330,"s:883:8:883:Infinity":331,"f:886:4:886:12":48,"s:892:43:912:Infinity":332,"b:914:8:924:Infinity:undefined:undefined:undefined:undefined":99,"s:914:8:924:Infinity":333,"b:914:12:914:39:914:39:914:75":100,"s:915:51:915:Infinity":334,"b:920:12:922:Infinity:undefined:undefined:undefined:undefined":101,"s:920:12:922:Infinity":335,"b:920:16:920:30:920:30:920:52":102,"s:921:16:921:Infinity":336,"s:923:12:923:Infinity":337,"b:926:8:926:Infinity:undefined:undefined:undefined:undefined":103,"s:926:8:926:Infinity":338,"s:926:42:926:Infinity":339,"b:927:8:927:Infinity:undefined:undefined:undefined:undefined":104,"s:927:8:927:Infinity":340,"s:927:36:927:Infinity":341,"b:928:8:928:Infinity:undefined:undefined:undefined:undefined":105,"s:928:8:928:Infinity":342,"s:928:36:928:Infinity":343,"b:929:8:929:Infinity:undefined:undefined:undefined:undefined":106,"s:929:8:929:Infinity":344,"s:929:37:929:Infinity":345,"s:930:8:930:Infinity":346,"f:933:4:933:12":49,"b:934:8:934:Infinity:undefined:undefined:undefined:undefined":107,"s:934:8:934:Infinity":347,"s:934:49:934:Infinity":348,"s:935:8:935:Infinity":349,"s:936:8:936:Infinity":350,"f:939:4:939:12":50,"b:940:8:940:Infinity:undefined:undefined:undefined:undefined":108,"s:940:8:940:Infinity":351,"s:940:51:940:Infinity":352,"s:941:8:941:Infinity":353,"s:942:8:942:Infinity":354,"f:945:4:945:12":51,"b:946:8:951:Infinity:undefined:undefined:undefined:undefined":109,"s:946:8:951:Infinity":355,"s:947:26:947:Infinity":356,"b:948:12:948:Infinity:undefined:undefined:undefined:undefined":110,"s:948:12:948:Infinity":357,"s:948:23:948:Infinity":358,"s:949:12:949:Infinity":359,"s:950:12:950:Infinity":360,"s:952:8:955:Infinity":361,"s:953:26:953:Infinity":362,"b:954:12:954:Infinity:undefined:undefined:undefined:undefined":111,"s:954:12:954:Infinity":363,"s:954:23:954:Infinity":364,"s:956:8:956:Infinity":365,"f:959:4:959:12":52,"s:960:21:960:Infinity":366,"s:961:8:961:Infinity":367,"b:961:42:961:85:961:85:961:Infinity":112,"f:964:4:964:12":53,"s:965:20:965:Infinity":368,"b:966:8:966:Infinity:undefined:undefined:undefined:undefined":113,"s:966:8:966:Infinity":369,"s:966:35:966:Infinity":370,"s:967:8:967:Infinity":371,"s:968:8:968:Infinity":372,"f:971:4:971:12":54,"b:972:8:972:Infinity:undefined:undefined:undefined:undefined":114,"s:972:8:972:Infinity":373,"s:972:54:972:Infinity":374,"s:973:22:973:Infinity":375,"s:974:8:974:Infinity":376,"s:975:8:975:Infinity":377,"s:976:8:976:Infinity":378,"s:977:8:977:Infinity":379,"f:985:4:985:12":55,"b:986:8:986:Infinity:undefined:undefined:undefined:undefined":115,"s:986:8:986:Infinity":380,"s:986:24:986:Infinity":381,"s:987:21:987:Infinity":382,"s:988:8:988:Infinity":383,"s:989:8:989:Infinity":384,"s:990:8:990:Infinity":385,"s:991:8:991:Infinity":386,"s:992:8:992:Infinity":387,"f:1003:4:1003:12":56,"s:1004:23:1004:Infinity":388,"b:1005:8:1011:Infinity:undefined:undefined:undefined:undefined":116,"s:1005:8:1011:Infinity":389,"s:1009:12:1009:Infinity":390,"s:1010:12:1010:Infinity":391,"s:1013:25:1015:Infinity":392,"b:1014:14:1014:Infinity:1015:14:1015:Infinity":117,"b:1016:8:1020:Infinity:undefined:undefined:undefined:undefined":118,"s:1016:8:1020:Infinity":393,"s:1017:12:1017:Infinity":394,"s:1018:12:1018:Infinity":395,"s:1019:12:1019:Infinity":396,"s:1022:25:1022:Infinity":397,"s:1023:8:1023:Infinity":398,"s:1024:8:1024:Infinity":399,"b:1025:8:1025:Infinity:undefined:undefined:undefined:undefined":119,"s:1025:8:1025:Infinity":400,"s:1025:54:1025:Infinity":401,"s:1026:8:1026:Infinity":402,"s:1027:8:1027:Infinity":403,"s:1028:21:1028:Infinity":404,"s:1029:8:1029:Infinity":405,"s:1030:8:1030:Infinity":406,"s:1031:8:1031:Infinity":407,"s:1032:8:1032:Infinity":408,"s:1036:22:1036:Infinity":409},"fnNames":{}}}
,"C:\\Users\\youbo\\IdeaProjects\\brents-toasts\\src\\toasts.css": {"path":"C:\\Users\\youbo\\IdeaProjects\\brents-toasts\\src\\toasts.css","statementMap":{},"fnMap":{},"branchMap":{},"s":{},"f":{},"b":{},"meta":{"lastBranch":0,"lastFunction":0,"lastStatement":0,"seen":{},"fnNames":{}}}
}
